mode: set
github.com/aitrack/server/internal/config/config.go:33.41,36.16 2 1
github.com/aitrack/server/internal/config/config.go:36.16,38.17 2 1
github.com/aitrack/server/internal/config/config.go:38.17,40.57 2 1
github.com/aitrack/server/internal/config/config.go:40.57,42.5 1 1
github.com/aitrack/server/internal/config/config.go:46.2,47.17 2 1
github.com/aitrack/server/internal/config/config.go:50.25,59.2 8 1
github.com/aitrack/server/internal/config/config.go:61.28,62.51 1 1
github.com/aitrack/server/internal/config/config.go:62.51,64.3 1 1
github.com/aitrack/server/internal/config/config.go:65.2,65.50 1 1
github.com/aitrack/server/internal/config/config.go:65.50,67.3 1 1
github.com/aitrack/server/internal/config/config.go:68.2,68.45 1 1
github.com/aitrack/server/internal/config/config.go:68.45,69.44 1 1
github.com/aitrack/server/internal/config/config.go:69.44,71.4 1 1
github.com/aitrack/server/internal/config/config.go:73.2,73.48 1 1
github.com/aitrack/server/internal/config/config.go:73.48,75.3 1 0
github.com/aitrack/server/internal/config/config.go:76.2,76.57 1 1
github.com/aitrack/server/internal/config/config.go:76.57,77.56 1 1
github.com/aitrack/server/internal/config/config.go:77.56,79.4 1 1
github.com/aitrack/server/internal/config/config.go:81.2,81.60 1 1
github.com/aitrack/server/internal/config/config.go:81.60,82.56 1 1
github.com/aitrack/server/internal/config/config.go:82.56,84.4 1 1
github.com/aitrack/server/internal/config/config.go:86.2,86.56 1 1
github.com/aitrack/server/internal/config/config.go:86.56,87.56 1 1
github.com/aitrack/server/internal/config/config.go:87.56,89.4 1 1
github.com/aitrack/server/internal/config/config.go:91.2,91.63 1 1
github.com/aitrack/server/internal/config/config.go:91.63,93.3 1 1
github.com/aitrack/server/internal/config/config.go:94.2,94.60 1 1
github.com/aitrack/server/internal/config/config.go:94.60,96.3 1 1
github.com/aitrack/server/internal/db/db.go:12.41,13.62 1 0
github.com/aitrack/server/internal/db/db.go:13.62,15.3 1 0
github.com/aitrack/server/internal/db/db.go:16.2,17.16 2 0
github.com/aitrack/server/internal/db/db.go:17.16,19.3 1 0
github.com/aitrack/server/internal/db/db.go:20.2,21.36 2 0
github.com/aitrack/server/internal/db/db.go:21.36,24.3 2 0
github.com/aitrack/server/internal/db/db.go:25.2,25.16 1 0
github.com/aitrack/server/internal/db/db.go:28.32,82.2 2 0
github.com/aitrack/server/internal/handler/admin.go:19.82,21.2 1 0
github.com/aitrack/server/internal/handler/admin.go:23.76,24.29 1 0
github.com/aitrack/server/internal/handler/admin.go:24.29,26.3 1 0
github.com/aitrack/server/internal/handler/admin.go:28.2,29.61 2 0
github.com/aitrack/server/internal/handler/admin.go:29.61,32.3 2 0
github.com/aitrack/server/internal/handler/admin.go:33.2,33.40 1 0
github.com/aitrack/server/internal/handler/admin.go:33.40,36.3 2 0
github.com/aitrack/server/internal/handler/admin.go:38.2,39.16 2 0
github.com/aitrack/server/internal/handler/admin.go:39.16,42.3 2 0
github.com/aitrack/server/internal/handler/admin.go:43.2,43.35 1 0
github.com/aitrack/server/internal/handler/admin.go:46.84,48.22 2 0
github.com/aitrack/server/internal/handler/admin.go:48.22,52.3 2 0
github.com/aitrack/server/internal/handler/admin.go:53.2,54.54 2 0
github.com/aitrack/server/internal/handler/admin.go:54.54,57.3 2 0
github.com/aitrack/server/internal/handler/admin.go:58.2,58.13 1 0
github.com/aitrack/server/internal/handler/auth.go:22.117,24.2 1 0
github.com/aitrack/server/internal/handler/auth.go:27.92,29.56 2 0
github.com/aitrack/server/internal/handler/auth.go:29.56,32.3 2 0
github.com/aitrack/server/internal/handler/auth.go:33.2,35.32 3 0
github.com/aitrack/server/internal/handler/auth.go:35.32,38.3 2 0
github.com/aitrack/server/internal/handler/auth.go:39.2,39.14 1 0
github.com/aitrack/server/internal/handler/auth.go:44.132,46.20 2 0
github.com/aitrack/server/internal/handler/auth.go:46.20,49.3 2 0
github.com/aitrack/server/internal/handler/auth.go:50.2,51.16 2 0
github.com/aitrack/server/internal/handler/auth.go:51.16,54.3 2 0
github.com/aitrack/server/internal/handler/auth.go:55.2,56.72 2 0
github.com/aitrack/server/internal/handler/auth.go:56.72,59.3 2 0
github.com/aitrack/server/internal/handler/auth.go:60.2,61.21 2 0
github.com/aitrack/server/internal/handler/auth.go:61.21,64.3 2 0
github.com/aitrack/server/internal/handler/auth.go:65.2,66.53 2 0
github.com/aitrack/server/internal/handler/auth.go:66.53,69.3 2 0
github.com/aitrack/server/internal/handler/auth.go:70.2,70.13 1 0
github.com/aitrack/server/internal/handler/auth.go:74.70,76.16 2 0
github.com/aitrack/server/internal/handler/auth.go:76.16,79.3 2 0
github.com/aitrack/server/internal/handler/auth.go:80.2,80.19 1 0
github.com/aitrack/server/internal/handler/edits.go:18.89,20.2 1 0
github.com/aitrack/server/internal/handler/edits.go:22.76,24.9 2 0
github.com/aitrack/server/internal/handler/edits.go:24.9,26.3 1 0
github.com/aitrack/server/internal/handler/edits.go:28.2,29.18 2 0
github.com/aitrack/server/internal/handler/edits.go:29.18,31.3 1 0
github.com/aitrack/server/internal/handler/edits.go:32.2,32.60 1 0
github.com/aitrack/server/internal/handler/edits.go:32.60,34.3 1 0
github.com/aitrack/server/internal/handler/edits.go:36.2,37.54 2 0
github.com/aitrack/server/internal/handler/edits.go:37.54,40.3 2 0
github.com/aitrack/server/internal/handler/edits.go:41.2,41.25 1 0
github.com/aitrack/server/internal/handler/edits.go:41.25,44.3 2 0
github.com/aitrack/server/internal/handler/edits.go:46.2,47.35 2 0
github.com/aitrack/server/internal/handler/edits.go:50.75,52.18 2 0
github.com/aitrack/server/internal/handler/edits.go:52.18,54.3 1 0
github.com/aitrack/server/internal/handler/edits.go:56.2,63.16 7 0
github.com/aitrack/server/internal/handler/edits.go:63.16,66.3 2 0
github.com/aitrack/server/internal/handler/edits.go:67.2,67.37 1 0
github.com/aitrack/server/internal/handler/edits.go:70.45,71.13 1 0
github.com/aitrack/server/internal/handler/edits.go:71.13,73.3 1 0
github.com/aitrack/server/internal/handler/edits.go:74.2,75.16 2 0
github.com/aitrack/server/internal/handler/edits.go:75.16,77.3 1 0
github.com/aitrack/server/internal/handler/edits.go:78.2,78.10 1 0
github.com/aitrack/server/internal/handler/edits.go:81.36,82.13 1 0
github.com/aitrack/server/internal/handler/edits.go:82.13,84.3 1 0
github.com/aitrack/server/internal/handler/edits.go:85.2,85.13 1 0
github.com/aitrack/server/internal/handler/edits.go:85.13,87.3 1 0
github.com/aitrack/server/internal/handler/edits.go:88.2,88.10 1 0
github.com/aitrack/server/internal/handler/heartbeat.go:18.96,20.2 1 0
github.com/aitrack/server/internal/handler/heartbeat.go:22.78,24.9 2 0
github.com/aitrack/server/internal/handler/heartbeat.go:24.9,26.3 1 0
github.com/aitrack/server/internal/handler/heartbeat.go:28.2,29.18 2 0
github.com/aitrack/server/internal/handler/heartbeat.go:29.18,31.3 1 0
github.com/aitrack/server/internal/handler/heartbeat.go:32.2,32.60 1 0
github.com/aitrack/server/internal/handler/heartbeat.go:32.60,34.3 1 0
github.com/aitrack/server/internal/handler/heartbeat.go:36.2,37.54 2 0
github.com/aitrack/server/internal/handler/heartbeat.go:37.54,40.3 2 0
github.com/aitrack/server/internal/handler/heartbeat.go:41.2,41.43 1 0
github.com/aitrack/server/internal/handler/heartbeat.go:41.43,44.3 2 0
github.com/aitrack/server/internal/handler/heartbeat.go:46.2,46.65 1 0
github.com/aitrack/server/internal/handler/heartbeat.go:46.65,49.3 2 0
github.com/aitrack/server/internal/handler/heartbeat.go:50.2,50.58 1 0
github.com/aitrack/server/internal/handler/router.go:11.114,18.49 5 0
github.com/aitrack/server/internal/handler/router.go:18.49,24.3 5 0
github.com/aitrack/server/internal/handler/router.go:26.2,26.10 1 0
github.com/aitrack/server/internal/handler/stats.go:15.87,17.2 1 0
github.com/aitrack/server/internal/handler/stats.go:19.70,20.38 1 0
github.com/aitrack/server/internal/handler/stats.go:20.38,22.3 1 0
github.com/aitrack/server/internal/handler/stats.go:23.2,24.19 2 0
github.com/aitrack/server/internal/handler/stats.go:24.19,26.3 1 0
github.com/aitrack/server/internal/handler/stats.go:27.2,28.16 2 0
github.com/aitrack/server/internal/handler/stats.go:28.16,31.3 2 0
github.com/aitrack/server/internal/handler/stats.go:32.2,32.35 1 0
github.com/aitrack/server/internal/handler/stats.go:35.72,36.38 1 0
github.com/aitrack/server/internal/handler/stats.go:36.38,38.3 1 0
github.com/aitrack/server/internal/handler/stats.go:39.2,40.16 2 0
github.com/aitrack/server/internal/handler/stats.go:40.16,43.3 2 0
github.com/aitrack/server/internal/handler/stats.go:44.2,44.38 1 0
github.com/aitrack/server/internal/handler/util.go:8.66,12.2 3 0
github.com/aitrack/server/internal/handler/util.go:14.64,18.2 3 0
github.com/aitrack/server/internal/service/device.go:16.56,18.2 1 0
github.com/aitrack/server/internal/service/device.go:20.58,22.28 2 0
github.com/aitrack/server/internal/service/device.go:22.28,24.3 1 0
github.com/aitrack/server/internal/service/device.go:25.2,36.12 2 0
github.com/aitrack/server/internal/service/device.go:39.83,46.26 5 0
github.com/aitrack/server/internal/service/device.go:46.26,48.3 1 0
github.com/aitrack/server/internal/service/device.go:49.2,49.16 1 0
github.com/aitrack/server/internal/service/device.go:49.16,51.3 1 0
github.com/aitrack/server/internal/service/device.go:52.2,52.18 1 0
github.com/aitrack/server/internal/service/device.go:52.18,55.3 2 0
github.com/aitrack/server/internal/service/device.go:56.2,57.16 2 0
github.com/aitrack/server/internal/service/device.go:60.63,64.16 2 0
github.com/aitrack/server/internal/service/device.go:64.16,66.3 1 0
github.com/aitrack/server/internal/service/device.go:67.2,69.18 3 0
github.com/aitrack/server/internal/service/device.go:69.18,72.121 3 0
github.com/aitrack/server/internal/service/device.go:72.121,74.4 1 0
github.com/aitrack/server/internal/service/device.go:75.3,75.19 1 0
github.com/aitrack/server/internal/service/device.go:75.19,78.4 2 0
github.com/aitrack/server/internal/service/device.go:79.3,80.30 2 0
github.com/aitrack/server/internal/service/device.go:82.2,82.27 1 0
github.com/aitrack/server/internal/service/device.go:90.68,92.2 1 0
github.com/aitrack/server/internal/service/device.go:94.99,96.16 2 0
github.com/aitrack/server/internal/service/device.go:96.16,98.3 1 0
github.com/aitrack/server/internal/service/device.go:100.2,108.21 3 0
github.com/aitrack/server/internal/service/device.go:108.21,110.3 1 0
github.com/aitrack/server/internal/service/device.go:111.2,111.22 1 0
github.com/aitrack/server/internal/service/device.go:111.22,114.3 2 0
github.com/aitrack/server/internal/service/device.go:114.8,114.28 1 0
github.com/aitrack/server/internal/service/device.go:114.28,116.3 1 0
github.com/aitrack/server/internal/service/device.go:117.2,117.31 1 0
github.com/aitrack/server/internal/service/device.go:126.98,128.2 1 0
github.com/aitrack/server/internal/service/device.go:130.75,133.17 3 0
github.com/aitrack/server/internal/service/device.go:134.14,135.43 1 0
github.com/aitrack/server/internal/service/device.go:136.16,137.45 1 0
github.com/aitrack/server/internal/service/device.go:138.10,139.47 1 0
github.com/aitrack/server/internal/service/device.go:141.2,141.16 1 0
github.com/aitrack/server/internal/service/device.go:141.16,143.3 1 0
github.com/aitrack/server/internal/service/device.go:144.2,145.25 2 0
github.com/aitrack/server/internal/service/device.go:145.25,156.3 1 0
github.com/aitrack/server/internal/service/device.go:157.2,157.20 1 0
github.com/aitrack/server/internal/service/device.go:160.65,162.16 2 0
github.com/aitrack/server/internal/service/device.go:162.16,164.3 1 0
github.com/aitrack/server/internal/service/device.go:165.2,167.28 3 0
github.com/aitrack/server/internal/service/device.go:167.28,177.3 2 0
github.com/aitrack/server/internal/service/device.go:178.2,178.20 1 0
github.com/aitrack/server/internal/service/diff.go:10.58,10.94 1 0
github.com/aitrack/server/internal/service/diff.go:19.106,20.59 1 0
github.com/aitrack/server/internal/service/diff.go:20.59,22.3 1 0
github.com/aitrack/server/internal/service/diff.go:23.2,25.55 2 0
github.com/aitrack/server/internal/service/diff.go:29.76,31.53 2 0
github.com/aitrack/server/internal/service/diff.go:31.53,32.71 1 0
github.com/aitrack/server/internal/service/diff.go:32.71,33.12 1 0
github.com/aitrack/server/internal/service/diff.go:35.3,35.36 1 0
github.com/aitrack/server/internal/service/diff.go:35.36,36.12 1 0
github.com/aitrack/server/internal/service/diff.go:38.3,38.35 1 0
github.com/aitrack/server/internal/service/diff.go:38.35,40.4 1 0
github.com/aitrack/server/internal/service/diff.go:40.9,40.42 1 0
github.com/aitrack/server/internal/service/diff.go:40.42,42.4 1 0
github.com/aitrack/server/internal/service/diff.go:44.2,44.51 1 0
github.com/aitrack/server/internal/service/diff.go:47.27,48.11 1 0
github.com/aitrack/server/internal/service/diff.go:48.11,50.3 1 0
github.com/aitrack/server/internal/service/diff.go:51.2,51.10 1 0
github.com/aitrack/server/internal/service/edit_record.go:16.64,18.2 1 0
github.com/aitrack/server/internal/service/edit_record.go:20.66,34.2 2 0
github.com/aitrack/server/internal/service/edit_record.go:36.123,44.2 3 0
github.com/aitrack/server/internal/service/edit_record.go:46.115,50.20 3 0
github.com/aitrack/server/internal/service/edit_record.go:50.20,53.3 2 0
github.com/aitrack/server/internal/service/edit_record.go:54.2,54.19 1 0
github.com/aitrack/server/internal/service/edit_record.go:54.19,57.3 2 0
github.com/aitrack/server/internal/service/edit_record.go:59.2,60.25 2 0
github.com/aitrack/server/internal/service/edit_record.go:60.25,62.3 1 0
github.com/aitrack/server/internal/service/edit_record.go:64.2,65.104 2 0
github.com/aitrack/server/internal/service/edit_record.go:65.104,67.3 1 0
github.com/aitrack/server/internal/service/edit_record.go:69.2,78.16 4 0
github.com/aitrack/server/internal/service/edit_record.go:78.16,80.3 1 0
github.com/aitrack/server/internal/service/edit_record.go:81.2,84.18 3 0
github.com/aitrack/server/internal/service/edit_record.go:84.18,93.17 3 0
github.com/aitrack/server/internal/service/edit_record.go:93.17,95.4 1 0
github.com/aitrack/server/internal/service/edit_record.go:96.3,97.33 2 0
github.com/aitrack/server/internal/service/edit_record.go:99.2,99.35 1 0
github.com/aitrack/server/internal/service/edit_record.go:113.74,115.2 1 0
github.com/aitrack/server/internal/service/edit_record.go:117.70,119.2 1 0
github.com/aitrack/server/internal/service/edit_record.go:121.72,123.2 1 0
github.com/aitrack/server/internal/service/edit_record.go:125.79,137.16 2 0
github.com/aitrack/server/internal/service/edit_record.go:137.16,139.3 1 0
github.com/aitrack/server/internal/service/edit_record.go:140.2,142.18 3 0
github.com/aitrack/server/internal/service/edit_record.go:142.18,146.70 3 0
github.com/aitrack/server/internal/service/edit_record.go:146.70,148.4 1 0
github.com/aitrack/server/internal/service/edit_record.go:149.3,149.23 1 0
github.com/aitrack/server/internal/service/edit_record.go:149.23,152.4 2 0
github.com/aitrack/server/internal/service/edit_record.go:153.3,153.30 1 0
github.com/aitrack/server/internal/service/edit_record.go:155.2,155.27 1 0
github.com/aitrack/server/internal/service/encryptor.go:26.74,27.18 1 0
github.com/aitrack/server/internal/service/encryptor.go:27.18,29.3 1 0
github.com/aitrack/server/internal/service/encryptor.go:30.2,31.16 2 0
github.com/aitrack/server/internal/service/encryptor.go:31.16,33.3 1 0
github.com/aitrack/server/internal/service/encryptor.go:34.2,34.20 1 0
github.com/aitrack/server/internal/service/encryptor.go:34.20,36.3 1 0
github.com/aitrack/server/internal/service/encryptor.go:37.2,37.50 1 0
github.com/aitrack/server/internal/service/encryptor.go:40.73,41.24 1 0
github.com/aitrack/server/internal/service/encryptor.go:41.24,43.3 1 0
github.com/aitrack/server/internal/service/encryptor.go:44.2,45.16 2 0
github.com/aitrack/server/internal/service/encryptor.go:45.16,47.3 1 0
github.com/aitrack/server/internal/service/encryptor.go:48.2,49.16 2 0
github.com/aitrack/server/internal/service/encryptor.go:49.16,51.3 1 0
github.com/aitrack/server/internal/service/encryptor.go:52.2,53.56 2 0
github.com/aitrack/server/internal/service/encryptor.go:53.56,55.3 1 0
github.com/aitrack/server/internal/service/encryptor.go:56.2,58.55 3 0
github.com/aitrack/server/internal/service/encryptor.go:61.70,62.81 1 0
github.com/aitrack/server/internal/service/encryptor.go:62.81,64.3 1 0
github.com/aitrack/server/internal/service/encryptor.go:65.2,65.24 1 0
github.com/aitrack/server/internal/service/encryptor.go:65.24,67.3 1 0
github.com/aitrack/server/internal/service/encryptor.go:68.2,69.16 2 0
github.com/aitrack/server/internal/service/encryptor.go:69.16,71.3 1 0
github.com/aitrack/server/internal/service/encryptor.go:72.2,72.24 1 0
github.com/aitrack/server/internal/service/encryptor.go:72.24,74.3 1 0
github.com/aitrack/server/internal/service/encryptor.go:75.2,79.16 4 0
github.com/aitrack/server/internal/service/encryptor.go:79.16,81.3 1 0
github.com/aitrack/server/internal/service/encryptor.go:82.2,83.16 2 0
github.com/aitrack/server/internal/service/encryptor.go:83.16,85.3 1 0
github.com/aitrack/server/internal/service/encryptor.go:86.2,87.16 2 0
github.com/aitrack/server/internal/service/encryptor.go:87.16,89.3 1 0
github.com/aitrack/server/internal/service/encryptor.go:90.2,90.31 1 0
github.com/aitrack/server/internal/service/ingest.go:17.107,19.2 1 0
github.com/aitrack/server/internal/service/ingest.go:21.106,27.33 2 0
github.com/aitrack/server/internal/service/ingest.go:27.33,31.62 2 0
github.com/aitrack/server/internal/service/ingest.go:31.62,33.12 2 0
github.com/aitrack/server/internal/service/ingest.go:36.3,37.25 2 0
github.com/aitrack/server/internal/service/ingest.go:38.24,42.6 1 0
github.com/aitrack/server/internal/service/ingest.go:43.23,48.59 2 0
github.com/aitrack/server/internal/service/ingest.go:49.24,51.49 2 0
github.com/aitrack/server/internal/service/ingest.go:55.2,55.13 1 0
github.com/aitrack/server/internal/service/ingest.go:58.106,77.23 2 0
github.com/aitrack/server/internal/service/ingest.go:77.23,79.3 1 0
github.com/aitrack/server/internal/service/ingest.go:80.2,80.26 1 0
github.com/aitrack/server/internal/service/ingest.go:80.26,82.3 1 0
github.com/aitrack/server/internal/service/ingest.go:83.2,83.26 1 0
github.com/aitrack/server/internal/service/ingest.go:83.26,85.3 1 0
github.com/aitrack/server/internal/service/ingest.go:86.2,86.20 1 0
github.com/aitrack/server/internal/service/ingest.go:86.20,88.3 1 0
github.com/aitrack/server/internal/service/ingest.go:89.2,89.22 1 0
github.com/aitrack/server/internal/service/ingest.go:92.110,94.16 2 0
github.com/aitrack/server/internal/service/ingest.go:94.16,96.3 1 0
github.com/aitrack/server/internal/service/ingest.go:97.2,97.20 1 0
github.com/aitrack/server/internal/service/ingest.go:97.20,99.3 1 0
github.com/aitrack/server/internal/service/ingest.go:100.2,105.8 1 0
github.com/aitrack/server/internal/service/signature.go:14.46,14.76 1 0
github.com/aitrack/server/internal/service/signature.go:16.58,19.2 2 0
github.com/aitrack/server/internal/service/signature.go:21.61,23.2 1 0
github.com/aitrack/server/internal/service/signature.go:25.73,29.2 3 0
github.com/aitrack/server/internal/service/signature.go:33.105,37.2 3 0
github.com/aitrack/server/internal/service/signature.go:45.10,47.21 2 0
github.com/aitrack/server/internal/service/signature.go:47.21,49.3 1 0
github.com/aitrack/server/internal/service/signature.go:50.2,63.47 3 0
github.com/aitrack/server/internal/service/signature.go:67.42,68.22 1 0
github.com/aitrack/server/internal/service/signature.go:68.22,70.3 1 0
github.com/aitrack/server/internal/service/signature.go:71.2,72.30 2 0
github.com/aitrack/server/internal/service/signature.go:72.30,74.3 1 0
github.com/aitrack/server/internal/service/signature.go:75.2,75.18 1 0
github.com/aitrack/server/internal/service/token.go:18.54,20.2 1 0
github.com/aitrack/server/internal/service/token.go:22.54,30.2 2 0
github.com/aitrack/server/internal/service/token.go:32.79,37.2 2 0
github.com/aitrack/server/internal/service/token.go:39.52,45.26 5 0
github.com/aitrack/server/internal/service/token.go:45.26,47.3 1 0
github.com/aitrack/server/internal/service/token.go:48.2,48.16 1 0
github.com/aitrack/server/internal/service/token.go:48.16,50.3 1 0
github.com/aitrack/server/internal/service/token.go:51.2,53.16 3 0
github.com/aitrack/server/internal/service/token.go:63.108,65.2 1 0
github.com/aitrack/server/internal/service/token.go:67.103,74.16 6 0
github.com/aitrack/server/internal/service/token.go:74.16,76.3 1 0
github.com/aitrack/server/internal/service/token.go:78.2,87.39 2 0
github.com/aitrack/server/internal/service/token.go:87.39,89.3 1 0
github.com/aitrack/server/internal/service/token.go:90.2,94.8 1 0
github.com/aitrack/server/internal/service/token.go:98.79,101.16 3 0
github.com/aitrack/server/internal/service/token.go:101.16,103.3 1 0
github.com/aitrack/server/internal/service/token.go:104.2,104.14 1 0
github.com/aitrack/server/internal/service/token.go:104.14,106.3 1 0
github.com/aitrack/server/internal/service/token.go:107.2,108.16 2 0
github.com/aitrack/server/internal/service/token.go:108.16,110.3 1 0
github.com/aitrack/server/internal/service/token.go:111.2,112.15 2 0
github.com/aitrack/server/internal/service/token.go:116.46,118.45 2 0
github.com/aitrack/server/internal/service/token.go:118.45,120.3 1 0
github.com/aitrack/server/internal/service/token.go:121.2,121.25 1 0
github.com/aitrack/server/internal/service/token.go:121.25,123.3 1 0
github.com/aitrack/server/internal/service/token.go:124.2,124.58 1 0
github.com/aitrack/server/internal/service/token.go:127.30,131.2 3 0
github.com/aitrack/server/internal/service/token.go:133.28,134.7 1 0
github.com/aitrack/server/internal/service/token.go:134.7,136.3 1 0
github.com/aitrack/server/internal/service/token.go:137.2,137.10 1 0
github.com/aitrack/server/internal/service/validation.go:27.40,27.67 1 0
github.com/aitrack/server/internal/service/validation.go:30.62,31.17 1 0
github.com/aitrack/server/internal/service/validation.go:31.17,33.3 1 0
github.com/aitrack/server/internal/service/validation.go:34.2,34.40 1 0
github.com/aitrack/server/internal/service/validation.go:34.40,36.3 1 0
github.com/aitrack/server/internal/service/validation.go:37.2,37.44 1 0
github.com/aitrack/server/internal/service/validation.go:37.44,39.3 1 0
github.com/aitrack/server/internal/service/validation.go:40.2,40.45 1 0
github.com/aitrack/server/internal/service/validation.go:40.45,42.3 1 0
github.com/aitrack/server/internal/service/validation.go:43.2,43.44 1 0
github.com/aitrack/server/internal/service/validation.go:43.44,45.3 1 0
github.com/aitrack/server/internal/service/validation.go:46.2,46.45 1 0
github.com/aitrack/server/internal/service/validation.go:46.45,48.3 1 0
github.com/aitrack/server/internal/service/validation.go:49.2,49.44 1 0
github.com/aitrack/server/internal/service/validation.go:49.44,51.3 1 0
github.com/aitrack/server/internal/service/validation.go:52.2,52.43 1 0
github.com/aitrack/server/internal/service/validation.go:52.43,54.3 1 0
github.com/aitrack/server/internal/service/validation.go:55.2,55.42 1 0
github.com/aitrack/server/internal/service/validation.go:55.42,57.3 1 0
github.com/aitrack/server/internal/service/validation.go:58.2,58.46 1 0
github.com/aitrack/server/internal/service/validation.go:58.46,60.3 1 0
github.com/aitrack/server/internal/service/validation.go:61.2,61.45 1 0
github.com/aitrack/server/internal/service/validation.go:61.45,63.3 1 0
github.com/aitrack/server/internal/service/validation.go:64.2,64.28 1 0
github.com/aitrack/server/internal/service/validation.go:64.28,66.3 1 0
github.com/aitrack/server/internal/service/validation.go:67.2,67.30 1 0
github.com/aitrack/server/internal/service/validation.go:67.30,69.3 1 0
github.com/aitrack/server/internal/service/validation.go:70.2,70.11 1 0
github.com/aitrack/server/internal/service/validation.go:86.146,88.2 1 0
github.com/aitrack/server/internal/service/validation.go:91.96,108.53 3 0
github.com/aitrack/server/internal/service/validation.go:108.53,110.3 1 0
github.com/aitrack/server/internal/service/validation.go:113.2,113.79 1 0
github.com/aitrack/server/internal/service/validation.go:113.79,115.3 1 0
github.com/aitrack/server/internal/service/validation.go:118.2,119.24 2 0
github.com/aitrack/server/internal/service/validation.go:119.24,120.44 1 0
github.com/aitrack/server/internal/service/validation.go:120.44,121.35 1 0
github.com/aitrack/server/internal/service/validation.go:121.35,123.5 1 0
github.com/aitrack/server/internal/service/validation.go:124.4,124.41 1 0
github.com/aitrack/server/internal/service/validation.go:129.2,129.49 1 0
github.com/aitrack/server/internal/service/validation.go:129.49,131.3 1 0
github.com/aitrack/server/internal/service/validation.go:134.2,134.44 1 0
github.com/aitrack/server/internal/service/validation.go:134.44,136.3 1 0
github.com/aitrack/server/internal/service/validation.go:139.2,141.37 3 0
github.com/aitrack/server/internal/service/validation.go:141.37,143.3 1 0
github.com/aitrack/server/internal/service/validation.go:145.2,145.20 1 0
github.com/aitrack/server/internal/service/validation.go:145.20,147.3 1 0
github.com/aitrack/server/internal/service/validation.go:148.2,148.65 1 0
github.com/aitrack/server/internal/service/validation.go:151.52,152.37 1 0
github.com/aitrack/server/internal/service/validation.go:152.37,154.3 1 0
github.com/aitrack/server/internal/service/validation.go:155.2,155.38 1 0
github.com/aitrack/server/internal/service/validation.go:155.38,156.81 1 0
github.com/aitrack/server/internal/service/validation.go:156.81,158.4 1 0
github.com/aitrack/server/internal/service/validation.go:160.2,160.14 1 0
github.com/aitrack/server/internal/service/validation.go:163.49,164.26 1 0
github.com/aitrack/server/internal/service/validation.go:164.26,165.13 1 0
github.com/aitrack/server/internal/service/validation.go:165.13,167.4 1 0
github.com/aitrack/server/internal/service/validation.go:169.2,169.14 1 0
github.com/aitrack/server/internal/testkit/factory.go:22.26,22.66 1 0
github.com/aitrack/server/internal/testkit/factory.go:24.28,28.2 3 0
github.com/aitrack/server/internal/testkit/factory.go:38.43,44.2 1 0
github.com/aitrack/server/internal/testkit/factory.go:46.58,58.25 3 0
github.com/aitrack/server/internal/testkit/factory.go:58.25,60.3 1 0
github.com/aitrack/server/internal/testkit/factory.go:61.2,61.10 1 0
github.com/aitrack/server/internal/testkit/factory.go:80.37,94.2 1 0
github.com/aitrack/server/internal/testkit/factory.go:96.61,98.25 2 0
github.com/aitrack/server/internal/testkit/factory.go:98.25,100.3 1 0
github.com/aitrack/server/internal/testkit/factory.go:101.2,122.3 5 0
github.com/aitrack/server/internal/testkit/factory.go:126.73,150.25 2 0
github.com/aitrack/server/internal/testkit/factory.go:150.25,152.3 1 0
github.com/aitrack/server/internal/testkit/factory.go:153.2,153.12 1 0
github.com/aitrack/server/internal/testkit/factory.go:158.91,168.25 3 0
github.com/aitrack/server/internal/testkit/factory.go:168.25,170.3 1 0
github.com/aitrack/server/internal/testkit/factory.go:171.2,171.12 1 0
github.com/aitrack/server/internal/testkit/factory.go:181.70,193.25 2 0
github.com/aitrack/server/internal/testkit/factory.go:193.25,195.3 1 0
github.com/aitrack/server/internal/testkit/factory.go:196.2,196.10 1 0
github.com/aitrack/server/internal/testkit/factory.go:199.69,207.25 2 0
github.com/aitrack/server/internal/testkit/factory.go:207.25,209.3 1 0
github.com/aitrack/server/internal/testkit/factory.go:210.2,210.10 1 0
github.com/aitrack/server/internal/testkit/factory.go:213.70,221.25 2 0
github.com/aitrack/server/internal/testkit/factory.go:221.25,223.3 1 0
github.com/aitrack/server/internal/testkit/factory.go:224.2,224.10 1 0
github.com/aitrack/server/internal/testkit/factory.go:229.94,231.26 2 0
github.com/aitrack/server/internal/testkit/factory.go:231.26,233.3 1 0
github.com/aitrack/server/internal/testkit/factory.go:234.2,234.23 1 0
github.com/aitrack/server/internal/testkit/factory.go:234.23,236.3 1 0
github.com/aitrack/server/internal/testkit/factory.go:237.2,241.3 1 0
github.com/aitrack/server/internal/testkit/factory.go:244.106,245.21 1 0
github.com/aitrack/server/internal/testkit/factory.go:245.21,247.3 1 0
github.com/aitrack/server/internal/testkit/factory.go:248.2,248.20 1 0
github.com/aitrack/server/internal/testkit/factory.go:248.20,250.3 1 0
github.com/aitrack/server/internal/testkit/factory.go:251.2,255.3 1 0
github.com/aitrack/server/internal/testkit/factory.go:261.64,265.2 3 0
github.com/aitrack/server/internal/testkit/factory.go:268.72,270.55 2 0
github.com/aitrack/server/internal/testkit/factory.go:270.55,272.3 1 0
github.com/aitrack/server/internal/testkit/factory.go:276.65,277.55 1 0
github.com/aitrack/server/internal/testkit/factory.go:277.55,280.3 2 0
github.com/aitrack/server/internal/testkit/factory.go:284.40,288.2 3 0
github.com/aitrack/server/internal/testkit/factory.go:292.44,294.23 2 0
github.com/aitrack/server/internal/testkit/factory.go:294.23,296.3 1 0
github.com/aitrack/server/internal/testkit/factory.go:297.2,308.47 3 0
github.com/aitrack/server/internal/testkit/factory.go:311.47,315.2 3 0
github.com/aitrack/server/internal/testkit/factory.go:317.36,320.2 2 0
github.com/aitrack/server/internal/testkit/factory.go:322.36,322.49 1 0
github.com/aitrack/server/internal/testkit/factory.go:325.39,326.41 1 0
github.com/aitrack/server/internal/testkit/factory.go:326.41,329.3 2 0
github.com/aitrack/server/internal/testkit/factory.go:333.45,333.85 1 0
github.com/aitrack/server/internal/testkit/factory.go:343.65,349.2 1 0
github.com/aitrack/server/internal/config/config.go:33.41,36.16 2 0
github.com/aitrack/server/internal/config/config.go:36.16,38.17 2 0
github.com/aitrack/server/internal/config/config.go:38.17,40.57 2 0
github.com/aitrack/server/internal/config/config.go:40.57,42.5 1 0
github.com/aitrack/server/internal/config/config.go:46.2,47.17 2 0
github.com/aitrack/server/internal/config/config.go:50.25,59.2 8 0
github.com/aitrack/server/internal/config/config.go:61.28,62.51 1 0
github.com/aitrack/server/internal/config/config.go:62.51,64.3 1 0
github.com/aitrack/server/internal/config/config.go:65.2,65.50 1 0
github.com/aitrack/server/internal/config/config.go:65.50,67.3 1 0
github.com/aitrack/server/internal/config/config.go:68.2,68.45 1 0
github.com/aitrack/server/internal/config/config.go:68.45,69.44 1 0
github.com/aitrack/server/internal/config/config.go:69.44,71.4 1 0
github.com/aitrack/server/internal/config/config.go:73.2,73.48 1 0
github.com/aitrack/server/internal/config/config.go:73.48,75.3 1 0
github.com/aitrack/server/internal/config/config.go:76.2,76.57 1 0
github.com/aitrack/server/internal/config/config.go:76.57,77.56 1 0
github.com/aitrack/server/internal/config/config.go:77.56,79.4 1 0
github.com/aitrack/server/internal/config/config.go:81.2,81.60 1 0
github.com/aitrack/server/internal/config/config.go:81.60,82.56 1 0
github.com/aitrack/server/internal/config/config.go:82.56,84.4 1 0
github.com/aitrack/server/internal/config/config.go:86.2,86.56 1 0
github.com/aitrack/server/internal/config/config.go:86.56,87.56 1 0
github.com/aitrack/server/internal/config/config.go:87.56,89.4 1 0
github.com/aitrack/server/internal/config/config.go:91.2,91.63 1 0
github.com/aitrack/server/internal/config/config.go:91.63,93.3 1 0
github.com/aitrack/server/internal/config/config.go:94.2,94.60 1 0
github.com/aitrack/server/internal/config/config.go:94.60,96.3 1 0
github.com/aitrack/server/internal/db/db.go:12.41,13.62 1 1
github.com/aitrack/server/internal/db/db.go:13.62,15.3 1 1
github.com/aitrack/server/internal/db/db.go:16.2,17.16 2 1
github.com/aitrack/server/internal/db/db.go:17.16,19.3 1 0
github.com/aitrack/server/internal/db/db.go:20.2,21.36 2 1
github.com/aitrack/server/internal/db/db.go:21.36,24.3 2 0
github.com/aitrack/server/internal/db/db.go:25.2,25.16 1 1
github.com/aitrack/server/internal/db/db.go:28.32,82.2 2 1
github.com/aitrack/server/internal/handler/admin.go:19.82,21.2 1 0
github.com/aitrack/server/internal/handler/admin.go:23.76,24.29 1 0
github.com/aitrack/server/internal/handler/admin.go:24.29,26.3 1 0
github.com/aitrack/server/internal/handler/admin.go:28.2,29.61 2 0
github.com/aitrack/server/internal/handler/admin.go:29.61,32.3 2 0
github.com/aitrack/server/internal/handler/admin.go:33.2,33.40 1 0
github.com/aitrack/server/internal/handler/admin.go:33.40,36.3 2 0
github.com/aitrack/server/internal/handler/admin.go:38.2,39.16 2 0
github.com/aitrack/server/internal/handler/admin.go:39.16,42.3 2 0
github.com/aitrack/server/internal/handler/admin.go:43.2,43.35 1 0
github.com/aitrack/server/internal/handler/admin.go:46.84,48.22 2 0
github.com/aitrack/server/internal/handler/admin.go:48.22,52.3 2 0
github.com/aitrack/server/internal/handler/admin.go:53.2,54.54 2 0
github.com/aitrack/server/internal/handler/admin.go:54.54,57.3 2 0
github.com/aitrack/server/internal/handler/admin.go:58.2,58.13 1 0
github.com/aitrack/server/internal/handler/auth.go:22.117,24.2 1 0
github.com/aitrack/server/internal/handler/auth.go:27.92,29.56 2 0
github.com/aitrack/server/internal/handler/auth.go:29.56,32.3 2 0
github.com/aitrack/server/internal/handler/auth.go:33.2,35.32 3 0
github.com/aitrack/server/internal/handler/auth.go:35.32,38.3 2 0
github.com/aitrack/server/internal/handler/auth.go:39.2,39.14 1 0
github.com/aitrack/server/internal/handler/auth.go:44.132,46.20 2 0
github.com/aitrack/server/internal/handler/auth.go:46.20,49.3 2 0
github.com/aitrack/server/internal/handler/auth.go:50.2,51.16 2 0
github.com/aitrack/server/internal/handler/auth.go:51.16,54.3 2 0
github.com/aitrack/server/internal/handler/auth.go:55.2,56.72 2 0
github.com/aitrack/server/internal/handler/auth.go:56.72,59.3 2 0
github.com/aitrack/server/internal/handler/auth.go:60.2,61.21 2 0
github.com/aitrack/server/internal/handler/auth.go:61.21,64.3 2 0
github.com/aitrack/server/internal/handler/auth.go:65.2,66.53 2 0
github.com/aitrack/server/internal/handler/auth.go:66.53,69.3 2 0
github.com/aitrack/server/internal/handler/auth.go:70.2,70.13 1 0
github.com/aitrack/server/internal/handler/auth.go:74.70,76.16 2 0
github.com/aitrack/server/internal/handler/auth.go:76.16,79.3 2 0
github.com/aitrack/server/internal/handler/auth.go:80.2,80.19 1 0
github.com/aitrack/server/internal/handler/edits.go:18.89,20.2 1 0
github.com/aitrack/server/internal/handler/edits.go:22.76,24.9 2 0
github.com/aitrack/server/internal/handler/edits.go:24.9,26.3 1 0
github.com/aitrack/server/internal/handler/edits.go:28.2,29.18 2 0
github.com/aitrack/server/internal/handler/edits.go:29.18,31.3 1 0
github.com/aitrack/server/internal/handler/edits.go:32.2,32.60 1 0
github.com/aitrack/server/internal/handler/edits.go:32.60,34.3 1 0
github.com/aitrack/server/internal/handler/edits.go:36.2,37.54 2 0
github.com/aitrack/server/internal/handler/edits.go:37.54,40.3 2 0
github.com/aitrack/server/internal/handler/edits.go:41.2,41.25 1 0
github.com/aitrack/server/internal/handler/edits.go:41.25,44.3 2 0
github.com/aitrack/server/internal/handler/edits.go:46.2,47.35 2 0
github.com/aitrack/server/internal/handler/edits.go:50.75,52.18 2 0
github.com/aitrack/server/internal/handler/edits.go:52.18,54.3 1 0
github.com/aitrack/server/internal/handler/edits.go:56.2,63.16 7 0
github.com/aitrack/server/internal/handler/edits.go:63.16,66.3 2 0
github.com/aitrack/server/internal/handler/edits.go:67.2,67.37 1 0
github.com/aitrack/server/internal/handler/edits.go:70.45,71.13 1 0
github.com/aitrack/server/internal/handler/edits.go:71.13,73.3 1 0
github.com/aitrack/server/internal/handler/edits.go:74.2,75.16 2 0
github.com/aitrack/server/internal/handler/edits.go:75.16,77.3 1 0
github.com/aitrack/server/internal/handler/edits.go:78.2,78.10 1 0
github.com/aitrack/server/internal/handler/edits.go:81.36,82.13 1 0
github.com/aitrack/server/internal/handler/edits.go:82.13,84.3 1 0
github.com/aitrack/server/internal/handler/edits.go:85.2,85.13 1 0
github.com/aitrack/server/internal/handler/edits.go:85.13,87.3 1 0
github.com/aitrack/server/internal/handler/edits.go:88.2,88.10 1 0
github.com/aitrack/server/internal/handler/heartbeat.go:18.96,20.2 1 0
github.com/aitrack/server/internal/handler/heartbeat.go:22.78,24.9 2 0
github.com/aitrack/server/internal/handler/heartbeat.go:24.9,26.3 1 0
github.com/aitrack/server/internal/handler/heartbeat.go:28.2,29.18 2 0
github.com/aitrack/server/internal/handler/heartbeat.go:29.18,31.3 1 0
github.com/aitrack/server/internal/handler/heartbeat.go:32.2,32.60 1 0
github.com/aitrack/server/internal/handler/heartbeat.go:32.60,34.3 1 0
github.com/aitrack/server/internal/handler/heartbeat.go:36.2,37.54 2 0
github.com/aitrack/server/internal/handler/heartbeat.go:37.54,40.3 2 0
github.com/aitrack/server/internal/handler/heartbeat.go:41.2,41.43 1 0
github.com/aitrack/server/internal/handler/heartbeat.go:41.43,44.3 2 0
github.com/aitrack/server/internal/handler/heartbeat.go:46.2,46.65 1 0
github.com/aitrack/server/internal/handler/heartbeat.go:46.65,49.3 2 0
github.com/aitrack/server/internal/handler/heartbeat.go:50.2,50.58 1 0
github.com/aitrack/server/internal/handler/router.go:11.114,18.49 5 0
github.com/aitrack/server/internal/handler/router.go:18.49,24.3 5 0
github.com/aitrack/server/internal/handler/router.go:26.2,26.10 1 0
github.com/aitrack/server/internal/handler/stats.go:15.87,17.2 1 0
github.com/aitrack/server/internal/handler/stats.go:19.70,20.38 1 0
github.com/aitrack/server/internal/handler/stats.go:20.38,22.3 1 0
github.com/aitrack/server/internal/handler/stats.go:23.2,24.19 2 0
github.com/aitrack/server/internal/handler/stats.go:24.19,26.3 1 0
github.com/aitrack/server/internal/handler/stats.go:27.2,28.16 2 0
github.com/aitrack/server/internal/handler/stats.go:28.16,31.3 2 0
github.com/aitrack/server/internal/handler/stats.go:32.2,32.35 1 0
github.com/aitrack/server/internal/handler/stats.go:35.72,36.38 1 0
github.com/aitrack/server/internal/handler/stats.go:36.38,38.3 1 0
github.com/aitrack/server/internal/handler/stats.go:39.2,40.16 2 0
github.com/aitrack/server/internal/handler/stats.go:40.16,43.3 2 0
github.com/aitrack/server/internal/handler/stats.go:44.2,44.38 1 0
github.com/aitrack/server/internal/handler/util.go:8.66,12.2 3 0
github.com/aitrack/server/internal/handler/util.go:14.64,18.2 3 0
github.com/aitrack/server/internal/service/device.go:16.56,18.2 1 0
github.com/aitrack/server/internal/service/device.go:20.58,22.28 2 0
github.com/aitrack/server/internal/service/device.go:22.28,24.3 1 0
github.com/aitrack/server/internal/service/device.go:25.2,36.12 2 0
github.com/aitrack/server/internal/service/device.go:39.83,46.26 5 0
github.com/aitrack/server/internal/service/device.go:46.26,48.3 1 0
github.com/aitrack/server/internal/service/device.go:49.2,49.16 1 0
github.com/aitrack/server/internal/service/device.go:49.16,51.3 1 0
github.com/aitrack/server/internal/service/device.go:52.2,52.18 1 0
github.com/aitrack/server/internal/service/device.go:52.18,55.3 2 0
github.com/aitrack/server/internal/service/device.go:56.2,57.16 2 0
github.com/aitrack/server/internal/service/device.go:60.63,64.16 2 0
github.com/aitrack/server/internal/service/device.go:64.16,66.3 1 0
github.com/aitrack/server/internal/service/device.go:67.2,69.18 3 0
github.com/aitrack/server/internal/service/device.go:69.18,72.121 3 0
github.com/aitrack/server/internal/service/device.go:72.121,74.4 1 0
github.com/aitrack/server/internal/service/device.go:75.3,75.19 1 0
github.com/aitrack/server/internal/service/device.go:75.19,78.4 2 0
github.com/aitrack/server/internal/service/device.go:79.3,80.30 2 0
github.com/aitrack/server/internal/service/device.go:82.2,82.27 1 0
github.com/aitrack/server/internal/service/device.go:90.68,92.2 1 0
github.com/aitrack/server/internal/service/device.go:94.99,96.16 2 0
github.com/aitrack/server/internal/service/device.go:96.16,98.3 1 0
github.com/aitrack/server/internal/service/device.go:100.2,108.21 3 0
github.com/aitrack/server/internal/service/device.go:108.21,110.3 1 0
github.com/aitrack/server/internal/service/device.go:111.2,111.22 1 0
github.com/aitrack/server/internal/service/device.go:111.22,114.3 2 0
github.com/aitrack/server/internal/service/device.go:114.8,114.28 1 0
github.com/aitrack/server/internal/service/device.go:114.28,116.3 1 0
github.com/aitrack/server/internal/service/device.go:117.2,117.31 1 0
github.com/aitrack/server/internal/service/device.go:126.98,128.2 1 0
github.com/aitrack/server/internal/service/device.go:130.75,133.17 3 0
github.com/aitrack/server/internal/service/device.go:134.14,135.43 1 0
github.com/aitrack/server/internal/service/device.go:136.16,137.45 1 0
github.com/aitrack/server/internal/service/device.go:138.10,139.47 1 0
github.com/aitrack/server/internal/service/device.go:141.2,141.16 1 0
github.com/aitrack/server/internal/service/device.go:141.16,143.3 1 0
github.com/aitrack/server/internal/service/device.go:144.2,145.25 2 0
github.com/aitrack/server/internal/service/device.go:145.25,156.3 1 0
github.com/aitrack/server/internal/service/device.go:157.2,157.20 1 0
github.com/aitrack/server/internal/service/device.go:160.65,162.16 2 0
github.com/aitrack/server/internal/service/device.go:162.16,164.3 1 0
github.com/aitrack/server/internal/service/device.go:165.2,167.28 3 0
github.com/aitrack/server/internal/service/device.go:167.28,177.3 2 0
github.com/aitrack/server/internal/service/device.go:178.2,178.20 1 0
github.com/aitrack/server/internal/service/diff.go:10.58,10.94 1 0
github.com/aitrack/server/internal/service/diff.go:19.106,20.59 1 0
github.com/aitrack/server/internal/service/diff.go:20.59,22.3 1 0
github.com/aitrack/server/internal/service/diff.go:23.2,25.55 2 0
github.com/aitrack/server/internal/service/diff.go:29.76,31.53 2 0
github.com/aitrack/server/internal/service/diff.go:31.53,32.71 1 0
github.com/aitrack/server/internal/service/diff.go:32.71,33.12 1 0
github.com/aitrack/server/internal/service/diff.go:35.3,35.36 1 0
github.com/aitrack/server/internal/service/diff.go:35.36,36.12 1 0
github.com/aitrack/server/internal/service/diff.go:38.3,38.35 1 0
github.com/aitrack/server/internal/service/diff.go:38.35,40.4 1 0
github.com/aitrack/server/internal/service/diff.go:40.9,40.42 1 0
github.com/aitrack/server/internal/service/diff.go:40.42,42.4 1 0
github.com/aitrack/server/internal/service/diff.go:44.2,44.51 1 0
github.com/aitrack/server/internal/service/diff.go:47.27,48.11 1 0
github.com/aitrack/server/internal/service/diff.go:48.11,50.3 1 0
github.com/aitrack/server/internal/service/diff.go:51.2,51.10 1 0
github.com/aitrack/server/internal/service/edit_record.go:16.64,18.2 1 0
github.com/aitrack/server/internal/service/edit_record.go:20.66,34.2 2 0
github.com/aitrack/server/internal/service/edit_record.go:36.123,44.2 3 0
github.com/aitrack/server/internal/service/edit_record.go:46.115,50.20 3 0
github.com/aitrack/server/internal/service/edit_record.go:50.20,53.3 2 0
github.com/aitrack/server/internal/service/edit_record.go:54.2,54.19 1 0
github.com/aitrack/server/internal/service/edit_record.go:54.19,57.3 2 0
github.com/aitrack/server/internal/service/edit_record.go:59.2,60.25 2 0
github.com/aitrack/server/internal/service/edit_record.go:60.25,62.3 1 0
github.com/aitrack/server/internal/service/edit_record.go:64.2,65.104 2 0
github.com/aitrack/server/internal/service/edit_record.go:65.104,67.3 1 0
github.com/aitrack/server/internal/service/edit_record.go:69.2,78.16 4 0
github.com/aitrack/server/internal/service/edit_record.go:78.16,80.3 1 0
github.com/aitrack/server/internal/service/edit_record.go:81.2,84.18 3 0
github.com/aitrack/server/internal/service/edit_record.go:84.18,93.17 3 0
github.com/aitrack/server/internal/service/edit_record.go:93.17,95.4 1 0
github.com/aitrack/server/internal/service/edit_record.go:96.3,97.33 2 0
github.com/aitrack/server/internal/service/edit_record.go:99.2,99.35 1 0
github.com/aitrack/server/internal/service/edit_record.go:113.74,115.2 1 0
github.com/aitrack/server/internal/service/edit_record.go:117.70,119.2 1 0
github.com/aitrack/server/internal/service/edit_record.go:121.72,123.2 1 0
github.com/aitrack/server/internal/service/edit_record.go:125.79,137.16 2 0
github.com/aitrack/server/internal/service/edit_record.go:137.16,139.3 1 0
github.com/aitrack/server/internal/service/edit_record.go:140.2,142.18 3 0
github.com/aitrack/server/internal/service/edit_record.go:142.18,146.70 3 0
github.com/aitrack/server/internal/service/edit_record.go:146.70,148.4 1 0
github.com/aitrack/server/internal/service/edit_record.go:149.3,149.23 1 0
github.com/aitrack/server/internal/service/edit_record.go:149.23,152.4 2 0
github.com/aitrack/server/internal/service/edit_record.go:153.3,153.30 1 0
github.com/aitrack/server/internal/service/edit_record.go:155.2,155.27 1 0
github.com/aitrack/server/internal/service/encryptor.go:26.74,27.18 1 0
github.com/aitrack/server/internal/service/encryptor.go:27.18,29.3 1 0
github.com/aitrack/server/internal/service/encryptor.go:30.2,31.16 2 0
github.com/aitrack/server/internal/service/encryptor.go:31.16,33.3 1 0
github.com/aitrack/server/internal/service/encryptor.go:34.2,34.20 1 0
github.com/aitrack/server/internal/service/encryptor.go:34.20,36.3 1 0
github.com/aitrack/server/internal/service/encryptor.go:37.2,37.50 1 0
github.com/aitrack/server/internal/service/encryptor.go:40.73,41.24 1 0
github.com/aitrack/server/internal/service/encryptor.go:41.24,43.3 1 0
github.com/aitrack/server/internal/service/encryptor.go:44.2,45.16 2 0
github.com/aitrack/server/internal/service/encryptor.go:45.16,47.3 1 0
github.com/aitrack/server/internal/service/encryptor.go:48.2,49.16 2 0
github.com/aitrack/server/internal/service/encryptor.go:49.16,51.3 1 0
github.com/aitrack/server/internal/service/encryptor.go:52.2,53.56 2 0
github.com/aitrack/server/internal/service/encryptor.go:53.56,55.3 1 0
github.com/aitrack/server/internal/service/encryptor.go:56.2,58.55 3 0
github.com/aitrack/server/internal/service/encryptor.go:61.70,62.81 1 0
github.com/aitrack/server/internal/service/encryptor.go:62.81,64.3 1 0
github.com/aitrack/server/internal/service/encryptor.go:65.2,65.24 1 0
github.com/aitrack/server/internal/service/encryptor.go:65.24,67.3 1 0
github.com/aitrack/server/internal/service/encryptor.go:68.2,69.16 2 0
github.com/aitrack/server/internal/service/encryptor.go:69.16,71.3 1 0
github.com/aitrack/server/internal/service/encryptor.go:72.2,72.24 1 0
github.com/aitrack/server/internal/service/encryptor.go:72.24,74.3 1 0
github.com/aitrack/server/internal/service/encryptor.go:75.2,79.16 4 0
github.com/aitrack/server/internal/service/encryptor.go:79.16,81.3 1 0
github.com/aitrack/server/internal/service/encryptor.go:82.2,83.16 2 0
github.com/aitrack/server/internal/service/encryptor.go:83.16,85.3 1 0
github.com/aitrack/server/internal/service/encryptor.go:86.2,87.16 2 0
github.com/aitrack/server/internal/service/encryptor.go:87.16,89.3 1 0
github.com/aitrack/server/internal/service/encryptor.go:90.2,90.31 1 0
github.com/aitrack/server/internal/service/ingest.go:17.107,19.2 1 0
github.com/aitrack/server/internal/service/ingest.go:21.106,27.33 2 0
github.com/aitrack/server/internal/service/ingest.go:27.33,31.62 2 0
github.com/aitrack/server/internal/service/ingest.go:31.62,33.12 2 0
github.com/aitrack/server/internal/service/ingest.go:36.3,37.25 2 0
github.com/aitrack/server/internal/service/ingest.go:38.24,42.6 1 0
github.com/aitrack/server/internal/service/ingest.go:43.23,48.59 2 0
github.com/aitrack/server/internal/service/ingest.go:49.24,51.49 2 0
github.com/aitrack/server/internal/service/ingest.go:55.2,55.13 1 0
github.com/aitrack/server/internal/service/ingest.go:58.106,77.23 2 0
github.com/aitrack/server/internal/service/ingest.go:77.23,79.3 1 0
github.com/aitrack/server/internal/service/ingest.go:80.2,80.26 1 0
github.com/aitrack/server/internal/service/ingest.go:80.26,82.3 1 0
github.com/aitrack/server/internal/service/ingest.go:83.2,83.26 1 0
github.com/aitrack/server/internal/service/ingest.go:83.26,85.3 1 0
github.com/aitrack/server/internal/service/ingest.go:86.2,86.20 1 0
github.com/aitrack/server/internal/service/ingest.go:86.20,88.3 1 0
github.com/aitrack/server/internal/service/ingest.go:89.2,89.22 1 0
github.com/aitrack/server/internal/service/ingest.go:92.110,94.16 2 0
github.com/aitrack/server/internal/service/ingest.go:94.16,96.3 1 0
github.com/aitrack/server/internal/service/ingest.go:97.2,97.20 1 0
github.com/aitrack/server/internal/service/ingest.go:97.20,99.3 1 0
github.com/aitrack/server/internal/service/ingest.go:100.2,105.8 1 0
github.com/aitrack/server/internal/service/signature.go:14.46,14.76 1 0
github.com/aitrack/server/internal/service/signature.go:16.58,19.2 2 0
github.com/aitrack/server/internal/service/signature.go:21.61,23.2 1 0
github.com/aitrack/server/internal/service/signature.go:25.73,29.2 3 0
github.com/aitrack/server/internal/service/signature.go:33.105,37.2 3 0
github.com/aitrack/server/internal/service/signature.go:45.10,47.21 2 0
github.com/aitrack/server/internal/service/signature.go:47.21,49.3 1 0
github.com/aitrack/server/internal/service/signature.go:50.2,63.47 3 0
github.com/aitrack/server/internal/service/signature.go:67.42,68.22 1 0
github.com/aitrack/server/internal/service/signature.go:68.22,70.3 1 0
github.com/aitrack/server/internal/service/signature.go:71.2,72.30 2 0
github.com/aitrack/server/internal/service/signature.go:72.30,74.3 1 0
github.com/aitrack/server/internal/service/signature.go:75.2,75.18 1 0
github.com/aitrack/server/internal/service/token.go:18.54,20.2 1 0
github.com/aitrack/server/internal/service/token.go:22.54,30.2 2 0
github.com/aitrack/server/internal/service/token.go:32.79,37.2 2 0
github.com/aitrack/server/internal/service/token.go:39.52,45.26 5 0
github.com/aitrack/server/internal/service/token.go:45.26,47.3 1 0
github.com/aitrack/server/internal/service/token.go:48.2,48.16 1 0
github.com/aitrack/server/internal/service/token.go:48.16,50.3 1 0
github.com/aitrack/server/internal/service/token.go:51.2,53.16 3 0
github.com/aitrack/server/internal/service/token.go:63.108,65.2 1 0
github.com/aitrack/server/internal/service/token.go:67.103,74.16 6 0
github.com/aitrack/server/internal/service/token.go:74.16,76.3 1 0
github.com/aitrack/server/internal/service/token.go:78.2,87.39 2 0
github.com/aitrack/server/internal/service/token.go:87.39,89.3 1 0
github.com/aitrack/server/internal/service/token.go:90.2,94.8 1 0
github.com/aitrack/server/internal/service/token.go:98.79,101.16 3 0
github.com/aitrack/server/internal/service/token.go:101.16,103.3 1 0
github.com/aitrack/server/internal/service/token.go:104.2,104.14 1 0
github.com/aitrack/server/internal/service/token.go:104.14,106.3 1 0
github.com/aitrack/server/internal/service/token.go:107.2,108.16 2 0
github.com/aitrack/server/internal/service/token.go:108.16,110.3 1 0
github.com/aitrack/server/internal/service/token.go:111.2,112.15 2 0
github.com/aitrack/server/internal/service/token.go:116.46,118.45 2 0
github.com/aitrack/server/internal/service/token.go:118.45,120.3 1 0
github.com/aitrack/server/internal/service/token.go:121.2,121.25 1 0
github.com/aitrack/server/internal/service/token.go:121.25,123.3 1 0
github.com/aitrack/server/internal/service/token.go:124.2,124.58 1 0
github.com/aitrack/server/internal/service/token.go:127.30,131.2 3 0
github.com/aitrack/server/internal/service/token.go:133.28,134.7 1 0
github.com/aitrack/server/internal/service/token.go:134.7,136.3 1 0
github.com/aitrack/server/internal/service/token.go:137.2,137.10 1 0
github.com/aitrack/server/internal/service/validation.go:27.40,27.67 1 0
github.com/aitrack/server/internal/service/validation.go:30.62,31.17 1 0
github.com/aitrack/server/internal/service/validation.go:31.17,33.3 1 0
github.com/aitrack/server/internal/service/validation.go:34.2,34.40 1 0
github.com/aitrack/server/internal/service/validation.go:34.40,36.3 1 0
github.com/aitrack/server/internal/service/validation.go:37.2,37.44 1 0
github.com/aitrack/server/internal/service/validation.go:37.44,39.3 1 0
github.com/aitrack/server/internal/service/validation.go:40.2,40.45 1 0
github.com/aitrack/server/internal/service/validation.go:40.45,42.3 1 0
github.com/aitrack/server/internal/service/validation.go:43.2,43.44 1 0
github.com/aitrack/server/internal/service/validation.go:43.44,45.3 1 0
github.com/aitrack/server/internal/service/validation.go:46.2,46.45 1 0
github.com/aitrack/server/internal/service/validation.go:46.45,48.3 1 0
github.com/aitrack/server/internal/service/validation.go:49.2,49.44 1 0
github.com/aitrack/server/internal/service/validation.go:49.44,51.3 1 0
github.com/aitrack/server/internal/service/validation.go:52.2,52.43 1 0
github.com/aitrack/server/internal/service/validation.go:52.43,54.3 1 0
github.com/aitrack/server/internal/service/validation.go:55.2,55.42 1 0
github.com/aitrack/server/internal/service/validation.go:55.42,57.3 1 0
github.com/aitrack/server/internal/service/validation.go:58.2,58.46 1 0
github.com/aitrack/server/internal/service/validation.go:58.46,60.3 1 0
github.com/aitrack/server/internal/service/validation.go:61.2,61.45 1 0
github.com/aitrack/server/internal/service/validation.go:61.45,63.3 1 0
github.com/aitrack/server/internal/service/validation.go:64.2,64.28 1 0
github.com/aitrack/server/internal/service/validation.go:64.28,66.3 1 0
github.com/aitrack/server/internal/service/validation.go:67.2,67.30 1 0
github.com/aitrack/server/internal/service/validation.go:67.30,69.3 1 0
github.com/aitrack/server/internal/service/validation.go:70.2,70.11 1 0
github.com/aitrack/server/internal/service/validation.go:86.146,88.2 1 0
github.com/aitrack/server/internal/service/validation.go:91.96,108.53 3 0
github.com/aitrack/server/internal/service/validation.go:108.53,110.3 1 0
github.com/aitrack/server/internal/service/validation.go:113.2,113.79 1 0
github.com/aitrack/server/internal/service/validation.go:113.79,115.3 1 0
github.com/aitrack/server/internal/service/validation.go:118.2,119.24 2 0
github.com/aitrack/server/internal/service/validation.go:119.24,120.44 1 0
github.com/aitrack/server/internal/service/validation.go:120.44,121.35 1 0
github.com/aitrack/server/internal/service/validation.go:121.35,123.5 1 0
github.com/aitrack/server/internal/service/validation.go:124.4,124.41 1 0
github.com/aitrack/server/internal/service/validation.go:129.2,129.49 1 0
github.com/aitrack/server/internal/service/validation.go:129.49,131.3 1 0
github.com/aitrack/server/internal/service/validation.go:134.2,134.44 1 0
github.com/aitrack/server/internal/service/validation.go:134.44,136.3 1 0
github.com/aitrack/server/internal/service/validation.go:139.2,141.37 3 0
github.com/aitrack/server/internal/service/validation.go:141.37,143.3 1 0
github.com/aitrack/server/internal/service/validation.go:145.2,145.20 1 0
github.com/aitrack/server/internal/service/validation.go:145.20,147.3 1 0
github.com/aitrack/server/internal/service/validation.go:148.2,148.65 1 0
github.com/aitrack/server/internal/service/validation.go:151.52,152.37 1 0
github.com/aitrack/server/internal/service/validation.go:152.37,154.3 1 0
github.com/aitrack/server/internal/service/validation.go:155.2,155.38 1 0
github.com/aitrack/server/internal/service/validation.go:155.38,156.81 1 0
github.com/aitrack/server/internal/service/validation.go:156.81,158.4 1 0
github.com/aitrack/server/internal/service/validation.go:160.2,160.14 1 0
github.com/aitrack/server/internal/service/validation.go:163.49,164.26 1 0
github.com/aitrack/server/internal/service/validation.go:164.26,165.13 1 0
github.com/aitrack/server/internal/service/validation.go:165.13,167.4 1 0
github.com/aitrack/server/internal/service/validation.go:169.2,169.14 1 0
github.com/aitrack/server/internal/testkit/factory.go:22.26,22.66 1 0
github.com/aitrack/server/internal/testkit/factory.go:24.28,28.2 3 0
github.com/aitrack/server/internal/testkit/factory.go:38.43,44.2 1 0
github.com/aitrack/server/internal/testkit/factory.go:46.58,58.25 3 0
github.com/aitrack/server/internal/testkit/factory.go:58.25,60.3 1 0
github.com/aitrack/server/internal/testkit/factory.go:61.2,61.10 1 0
github.com/aitrack/server/internal/testkit/factory.go:80.37,94.2 1 0
github.com/aitrack/server/internal/testkit/factory.go:96.61,98.25 2 0
github.com/aitrack/server/internal/testkit/factory.go:98.25,100.3 1 0
github.com/aitrack/server/internal/testkit/factory.go:101.2,122.3 5 0
github.com/aitrack/server/internal/testkit/factory.go:126.73,150.25 2 0
github.com/aitrack/server/internal/testkit/factory.go:150.25,152.3 1 0
github.com/aitrack/server/internal/testkit/factory.go:153.2,153.12 1 0
github.com/aitrack/server/internal/testkit/factory.go:158.91,168.25 3 0
github.com/aitrack/server/internal/testkit/factory.go:168.25,170.3 1 0
github.com/aitrack/server/internal/testkit/factory.go:171.2,171.12 1 0
github.com/aitrack/server/internal/testkit/factory.go:181.70,193.25 2 0
github.com/aitrack/server/internal/testkit/factory.go:193.25,195.3 1 0
github.com/aitrack/server/internal/testkit/factory.go:196.2,196.10 1 0
github.com/aitrack/server/internal/testkit/factory.go:199.69,207.25 2 0
github.com/aitrack/server/internal/testkit/factory.go:207.25,209.3 1 0
github.com/aitrack/server/internal/testkit/factory.go:210.2,210.10 1 0
github.com/aitrack/server/internal/testkit/factory.go:213.70,221.25 2 0
github.com/aitrack/server/internal/testkit/factory.go:221.25,223.3 1 0
github.com/aitrack/server/internal/testkit/factory.go:224.2,224.10 1 0
github.com/aitrack/server/internal/testkit/factory.go:229.94,231.26 2 0
github.com/aitrack/server/internal/testkit/factory.go:231.26,233.3 1 0
github.com/aitrack/server/internal/testkit/factory.go:234.2,234.23 1 0
github.com/aitrack/server/internal/testkit/factory.go:234.23,236.3 1 0
github.com/aitrack/server/internal/testkit/factory.go:237.2,241.3 1 0
github.com/aitrack/server/internal/testkit/factory.go:244.106,245.21 1 0
github.com/aitrack/server/internal/testkit/factory.go:245.21,247.3 1 0
github.com/aitrack/server/internal/testkit/factory.go:248.2,248.20 1 0
github.com/aitrack/server/internal/testkit/factory.go:248.20,250.3 1 0
github.com/aitrack/server/internal/testkit/factory.go:251.2,255.3 1 0
github.com/aitrack/server/internal/testkit/factory.go:261.64,265.2 3 0
github.com/aitrack/server/internal/testkit/factory.go:268.72,270.55 2 0
github.com/aitrack/server/internal/testkit/factory.go:270.55,272.3 1 0
github.com/aitrack/server/internal/testkit/factory.go:276.65,277.55 1 0
github.com/aitrack/server/internal/testkit/factory.go:277.55,280.3 2 0
github.com/aitrack/server/internal/testkit/factory.go:284.40,288.2 3 0
github.com/aitrack/server/internal/testkit/factory.go:292.44,294.23 2 0
github.com/aitrack/server/internal/testkit/factory.go:294.23,296.3 1 0
github.com/aitrack/server/internal/testkit/factory.go:297.2,308.47 3 0
github.com/aitrack/server/internal/testkit/factory.go:311.47,315.2 3 0
github.com/aitrack/server/internal/testkit/factory.go:317.36,320.2 2 0
github.com/aitrack/server/internal/testkit/factory.go:322.36,322.49 1 0
github.com/aitrack/server/internal/testkit/factory.go:325.39,326.41 1 0
github.com/aitrack/server/internal/testkit/factory.go:326.41,329.3 2 0
github.com/aitrack/server/internal/testkit/factory.go:333.45,333.85 1 0
github.com/aitrack/server/internal/testkit/factory.go:343.65,349.2 1 0
github.com/aitrack/server/internal/config/config.go:33.41,36.16 2 0
github.com/aitrack/server/internal/config/config.go:36.16,38.17 2 0
github.com/aitrack/server/internal/config/config.go:38.17,40.57 2 0
github.com/aitrack/server/internal/config/config.go:40.57,42.5 1 0
github.com/aitrack/server/internal/config/config.go:46.2,47.17 2 0
github.com/aitrack/server/internal/config/config.go:50.25,59.2 8 0
github.com/aitrack/server/internal/config/config.go:61.28,62.51 1 0
github.com/aitrack/server/internal/config/config.go:62.51,64.3 1 0
github.com/aitrack/server/internal/config/config.go:65.2,65.50 1 0
github.com/aitrack/server/internal/config/config.go:65.50,67.3 1 0
github.com/aitrack/server/internal/config/config.go:68.2,68.45 1 0
github.com/aitrack/server/internal/config/config.go:68.45,69.44 1 0
github.com/aitrack/server/internal/config/config.go:69.44,71.4 1 0
github.com/aitrack/server/internal/config/config.go:73.2,73.48 1 0
github.com/aitrack/server/internal/config/config.go:73.48,75.3 1 0
github.com/aitrack/server/internal/config/config.go:76.2,76.57 1 0
github.com/aitrack/server/internal/config/config.go:76.57,77.56 1 0
github.com/aitrack/server/internal/config/config.go:77.56,79.4 1 0
github.com/aitrack/server/internal/config/config.go:81.2,81.60 1 0
github.com/aitrack/server/internal/config/config.go:81.60,82.56 1 0
github.com/aitrack/server/internal/config/config.go:82.56,84.4 1 0
github.com/aitrack/server/internal/config/config.go:86.2,86.56 1 0
github.com/aitrack/server/internal/config/config.go:86.56,87.56 1 0
github.com/aitrack/server/internal/config/config.go:87.56,89.4 1 0
github.com/aitrack/server/internal/config/config.go:91.2,91.63 1 0
github.com/aitrack/server/internal/config/config.go:91.63,93.3 1 0
github.com/aitrack/server/internal/config/config.go:94.2,94.60 1 0
github.com/aitrack/server/internal/config/config.go:94.60,96.3 1 0
github.com/aitrack/server/internal/db/db.go:12.41,13.62 1 0
github.com/aitrack/server/internal/db/db.go:13.62,15.3 1 0
github.com/aitrack/server/internal/db/db.go:16.2,17.16 2 0
github.com/aitrack/server/internal/db/db.go:17.16,19.3 1 0
github.com/aitrack/server/internal/db/db.go:20.2,21.36 2 0
github.com/aitrack/server/internal/db/db.go:21.36,24.3 2 0
github.com/aitrack/server/internal/db/db.go:25.2,25.16 1 0
github.com/aitrack/server/internal/db/db.go:28.32,82.2 2 0
github.com/aitrack/server/internal/handler/admin.go:19.82,21.2 1 0
github.com/aitrack/server/internal/handler/admin.go:23.76,24.29 1 0
github.com/aitrack/server/internal/handler/admin.go:24.29,26.3 1 0
github.com/aitrack/server/internal/handler/admin.go:28.2,29.61 2 0
github.com/aitrack/server/internal/handler/admin.go:29.61,32.3 2 0
github.com/aitrack/server/internal/handler/admin.go:33.2,33.40 1 0
github.com/aitrack/server/internal/handler/admin.go:33.40,36.3 2 0
github.com/aitrack/server/internal/handler/admin.go:38.2,39.16 2 0
github.com/aitrack/server/internal/handler/admin.go:39.16,42.3 2 0
github.com/aitrack/server/internal/handler/admin.go:43.2,43.35 1 0
github.com/aitrack/server/internal/handler/admin.go:46.84,48.22 2 0
github.com/aitrack/server/internal/handler/admin.go:48.22,52.3 2 0
github.com/aitrack/server/internal/handler/admin.go:53.2,54.54 2 0
github.com/aitrack/server/internal/handler/admin.go:54.54,57.3 2 0
github.com/aitrack/server/internal/handler/admin.go:58.2,58.13 1 0
github.com/aitrack/server/internal/handler/auth.go:22.117,24.2 1 0
github.com/aitrack/server/internal/handler/auth.go:27.92,29.56 2 0
github.com/aitrack/server/internal/handler/auth.go:29.56,32.3 2 0
github.com/aitrack/server/internal/handler/auth.go:33.2,35.32 3 0
github.com/aitrack/server/internal/handler/auth.go:35.32,38.3 2 0
github.com/aitrack/server/internal/handler/auth.go:39.2,39.14 1 0
github.com/aitrack/server/internal/handler/auth.go:44.132,46.20 2 0
github.com/aitrack/server/internal/handler/auth.go:46.20,49.3 2 0
github.com/aitrack/server/internal/handler/auth.go:50.2,51.16 2 0
github.com/aitrack/server/internal/handler/auth.go:51.16,54.3 2 0
github.com/aitrack/server/internal/handler/auth.go:55.2,56.72 2 0
github.com/aitrack/server/internal/handler/auth.go:56.72,59.3 2 0
github.com/aitrack/server/internal/handler/auth.go:60.2,61.21 2 0
github.com/aitrack/server/internal/handler/auth.go:61.21,64.3 2 0
github.com/aitrack/server/internal/handler/auth.go:65.2,66.53 2 0
github.com/aitrack/server/internal/handler/auth.go:66.53,69.3 2 0
github.com/aitrack/server/internal/handler/auth.go:70.2,70.13 1 0
github.com/aitrack/server/internal/handler/auth.go:74.70,76.16 2 0
github.com/aitrack/server/internal/handler/auth.go:76.16,79.3 2 0
github.com/aitrack/server/internal/handler/auth.go:80.2,80.19 1 0
github.com/aitrack/server/internal/handler/edits.go:18.89,20.2 1 0
github.com/aitrack/server/internal/handler/edits.go:22.76,24.9 2 0
github.com/aitrack/server/internal/handler/edits.go:24.9,26.3 1 0
github.com/aitrack/server/internal/handler/edits.go:28.2,29.18 2 0
github.com/aitrack/server/internal/handler/edits.go:29.18,31.3 1 0
github.com/aitrack/server/internal/handler/edits.go:32.2,32.60 1 0
github.com/aitrack/server/internal/handler/edits.go:32.60,34.3 1 0
github.com/aitrack/server/internal/handler/edits.go:36.2,37.54 2 0
github.com/aitrack/server/internal/handler/edits.go:37.54,40.3 2 0
github.com/aitrack/server/internal/handler/edits.go:41.2,41.25 1 0
github.com/aitrack/server/internal/handler/edits.go:41.25,44.3 2 0
github.com/aitrack/server/internal/handler/edits.go:46.2,47.35 2 0
github.com/aitrack/server/internal/handler/edits.go:50.75,52.18 2 0
github.com/aitrack/server/internal/handler/edits.go:52.18,54.3 1 0
github.com/aitrack/server/internal/handler/edits.go:56.2,63.16 7 0
github.com/aitrack/server/internal/handler/edits.go:63.16,66.3 2 0
github.com/aitrack/server/internal/handler/edits.go:67.2,67.37 1 0
github.com/aitrack/server/internal/handler/edits.go:70.45,71.13 1 0
github.com/aitrack/server/internal/handler/edits.go:71.13,73.3 1 0
github.com/aitrack/server/internal/handler/edits.go:74.2,75.16 2 0
github.com/aitrack/server/internal/handler/edits.go:75.16,77.3 1 0
github.com/aitrack/server/internal/handler/edits.go:78.2,78.10 1 0
github.com/aitrack/server/internal/handler/edits.go:81.36,82.13 1 0
github.com/aitrack/server/internal/handler/edits.go:82.13,84.3 1 0
github.com/aitrack/server/internal/handler/edits.go:85.2,85.13 1 0
github.com/aitrack/server/internal/handler/edits.go:85.13,87.3 1 0
github.com/aitrack/server/internal/handler/edits.go:88.2,88.10 1 0
github.com/aitrack/server/internal/handler/heartbeat.go:18.96,20.2 1 0
github.com/aitrack/server/internal/handler/heartbeat.go:22.78,24.9 2 0
github.com/aitrack/server/internal/handler/heartbeat.go:24.9,26.3 1 0
github.com/aitrack/server/internal/handler/heartbeat.go:28.2,29.18 2 0
github.com/aitrack/server/internal/handler/heartbeat.go:29.18,31.3 1 0
github.com/aitrack/server/internal/handler/heartbeat.go:32.2,32.60 1 0
github.com/aitrack/server/internal/handler/heartbeat.go:32.60,34.3 1 0
github.com/aitrack/server/internal/handler/heartbeat.go:36.2,37.54 2 0
github.com/aitrack/server/internal/handler/heartbeat.go:37.54,40.3 2 0
github.com/aitrack/server/internal/handler/heartbeat.go:41.2,41.43 1 0
github.com/aitrack/server/internal/handler/heartbeat.go:41.43,44.3 2 0
github.com/aitrack/server/internal/handler/heartbeat.go:46.2,46.65 1 0
github.com/aitrack/server/internal/handler/heartbeat.go:46.65,49.3 2 0
github.com/aitrack/server/internal/handler/heartbeat.go:50.2,50.58 1 0
github.com/aitrack/server/internal/handler/router.go:11.114,18.49 5 0
github.com/aitrack/server/internal/handler/router.go:18.49,24.3 5 0
github.com/aitrack/server/internal/handler/router.go:26.2,26.10 1 0
github.com/aitrack/server/internal/handler/stats.go:15.87,17.2 1 0
github.com/aitrack/server/internal/handler/stats.go:19.70,20.38 1 0
github.com/aitrack/server/internal/handler/stats.go:20.38,22.3 1 0
github.com/aitrack/server/internal/handler/stats.go:23.2,24.19 2 0
github.com/aitrack/server/internal/handler/stats.go:24.19,26.3 1 0
github.com/aitrack/server/internal/handler/stats.go:27.2,28.16 2 0
github.com/aitrack/server/internal/handler/stats.go:28.16,31.3 2 0
github.com/aitrack/server/internal/handler/stats.go:32.2,32.35 1 0
github.com/aitrack/server/internal/handler/stats.go:35.72,36.38 1 0
github.com/aitrack/server/internal/handler/stats.go:36.38,38.3 1 0
github.com/aitrack/server/internal/handler/stats.go:39.2,40.16 2 0
github.com/aitrack/server/internal/handler/stats.go:40.16,43.3 2 0
github.com/aitrack/server/internal/handler/stats.go:44.2,44.38 1 0
github.com/aitrack/server/internal/handler/util.go:8.66,12.2 3 0
github.com/aitrack/server/internal/handler/util.go:14.64,18.2 3 0
github.com/aitrack/server/internal/service/device.go:16.56,18.2 1 0
github.com/aitrack/server/internal/service/device.go:20.58,22.28 2 0
github.com/aitrack/server/internal/service/device.go:22.28,24.3 1 0
github.com/aitrack/server/internal/service/device.go:25.2,36.12 2 0
github.com/aitrack/server/internal/service/device.go:39.83,46.26 5 0
github.com/aitrack/server/internal/service/device.go:46.26,48.3 1 0
github.com/aitrack/server/internal/service/device.go:49.2,49.16 1 0
github.com/aitrack/server/internal/service/device.go:49.16,51.3 1 0
github.com/aitrack/server/internal/service/device.go:52.2,52.18 1 0
github.com/aitrack/server/internal/service/device.go:52.18,55.3 2 0
github.com/aitrack/server/internal/service/device.go:56.2,57.16 2 0
github.com/aitrack/server/internal/service/device.go:60.63,64.16 2 0
github.com/aitrack/server/internal/service/device.go:64.16,66.3 1 0
github.com/aitrack/server/internal/service/device.go:67.2,69.18 3 0
github.com/aitrack/server/internal/service/device.go:69.18,72.121 3 0
github.com/aitrack/server/internal/service/device.go:72.121,74.4 1 0
github.com/aitrack/server/internal/service/device.go:75.3,75.19 1 0
github.com/aitrack/server/internal/service/device.go:75.19,78.4 2 0
github.com/aitrack/server/internal/service/device.go:79.3,80.30 2 0
github.com/aitrack/server/internal/service/device.go:82.2,82.27 1 0
github.com/aitrack/server/internal/service/device.go:90.68,92.2 1 0
github.com/aitrack/server/internal/service/device.go:94.99,96.16 2 0
github.com/aitrack/server/internal/service/device.go:96.16,98.3 1 0
github.com/aitrack/server/internal/service/device.go:100.2,108.21 3 0
github.com/aitrack/server/internal/service/device.go:108.21,110.3 1 0
github.com/aitrack/server/internal/service/device.go:111.2,111.22 1 0
github.com/aitrack/server/internal/service/device.go:111.22,114.3 2 0
github.com/aitrack/server/internal/service/device.go:114.8,114.28 1 0
github.com/aitrack/server/internal/service/device.go:114.28,116.3 1 0
github.com/aitrack/server/internal/service/device.go:117.2,117.31 1 0
github.com/aitrack/server/internal/service/device.go:126.98,128.2 1 0
github.com/aitrack/server/internal/service/device.go:130.75,133.17 3 0
github.com/aitrack/server/internal/service/device.go:134.14,135.43 1 0
github.com/aitrack/server/internal/service/device.go:136.16,137.45 1 0
github.com/aitrack/server/internal/service/device.go:138.10,139.47 1 0
github.com/aitrack/server/internal/service/device.go:141.2,141.16 1 0
github.com/aitrack/server/internal/service/device.go:141.16,143.3 1 0
github.com/aitrack/server/internal/service/device.go:144.2,145.25 2 0
github.com/aitrack/server/internal/service/device.go:145.25,156.3 1 0
github.com/aitrack/server/internal/service/device.go:157.2,157.20 1 0
github.com/aitrack/server/internal/service/device.go:160.65,162.16 2 0
github.com/aitrack/server/internal/service/device.go:162.16,164.3 1 0
github.com/aitrack/server/internal/service/device.go:165.2,167.28 3 0
github.com/aitrack/server/internal/service/device.go:167.28,177.3 2 0
github.com/aitrack/server/internal/service/device.go:178.2,178.20 1 0
github.com/aitrack/server/internal/service/diff.go:10.58,10.94 1 0
github.com/aitrack/server/internal/service/diff.go:19.106,20.59 1 0
github.com/aitrack/server/internal/service/diff.go:20.59,22.3 1 0
github.com/aitrack/server/internal/service/diff.go:23.2,25.55 2 0
github.com/aitrack/server/internal/service/diff.go:29.76,31.53 2 0
github.com/aitrack/server/internal/service/diff.go:31.53,32.71 1 0
github.com/aitrack/server/internal/service/diff.go:32.71,33.12 1 0
github.com/aitrack/server/internal/service/diff.go:35.3,35.36 1 0
github.com/aitrack/server/internal/service/diff.go:35.36,36.12 1 0
github.com/aitrack/server/internal/service/diff.go:38.3,38.35 1 0
github.com/aitrack/server/internal/service/diff.go:38.35,40.4 1 0
github.com/aitrack/server/internal/service/diff.go:40.9,40.42 1 0
github.com/aitrack/server/internal/service/diff.go:40.42,42.4 1 0
github.com/aitrack/server/internal/service/diff.go:44.2,44.51 1 0
github.com/aitrack/server/internal/service/diff.go:47.27,48.11 1 0
github.com/aitrack/server/internal/service/diff.go:48.11,50.3 1 0
github.com/aitrack/server/internal/service/diff.go:51.2,51.10 1 0
github.com/aitrack/server/internal/service/edit_record.go:16.64,18.2 1 0
github.com/aitrack/server/internal/service/edit_record.go:20.66,34.2 2 0
github.com/aitrack/server/internal/service/edit_record.go:36.123,44.2 3 0
github.com/aitrack/server/internal/service/edit_record.go:46.115,50.20 3 0
github.com/aitrack/server/internal/service/edit_record.go:50.20,53.3 2 0
github.com/aitrack/server/internal/service/edit_record.go:54.2,54.19 1 0
github.com/aitrack/server/internal/service/edit_record.go:54.19,57.3 2 0
github.com/aitrack/server/internal/service/edit_record.go:59.2,60.25 2 0
github.com/aitrack/server/internal/service/edit_record.go:60.25,62.3 1 0
github.com/aitrack/server/internal/service/edit_record.go:64.2,65.104 2 0
github.com/aitrack/server/internal/service/edit_record.go:65.104,67.3 1 0
github.com/aitrack/server/internal/service/edit_record.go:69.2,78.16 4 0
github.com/aitrack/server/internal/service/edit_record.go:78.16,80.3 1 0
github.com/aitrack/server/internal/service/edit_record.go:81.2,84.18 3 0
github.com/aitrack/server/internal/service/edit_record.go:84.18,93.17 3 0
github.com/aitrack/server/internal/service/edit_record.go:93.17,95.4 1 0
github.com/aitrack/server/internal/service/edit_record.go:96.3,97.33 2 0
github.com/aitrack/server/internal/service/edit_record.go:99.2,99.35 1 0
github.com/aitrack/server/internal/service/edit_record.go:113.74,115.2 1 0
github.com/aitrack/server/internal/service/edit_record.go:117.70,119.2 1 0
github.com/aitrack/server/internal/service/edit_record.go:121.72,123.2 1 0
github.com/aitrack/server/internal/service/edit_record.go:125.79,137.16 2 0
github.com/aitrack/server/internal/service/edit_record.go:137.16,139.3 1 0
github.com/aitrack/server/internal/service/edit_record.go:140.2,142.18 3 0
github.com/aitrack/server/internal/service/edit_record.go:142.18,146.70 3 0
github.com/aitrack/server/internal/service/edit_record.go:146.70,148.4 1 0
github.com/aitrack/server/internal/service/edit_record.go:149.3,149.23 1 0
github.com/aitrack/server/internal/service/edit_record.go:149.23,152.4 2 0
github.com/aitrack/server/internal/service/edit_record.go:153.3,153.30 1 0
github.com/aitrack/server/internal/service/edit_record.go:155.2,155.27 1 0
github.com/aitrack/server/internal/service/encryptor.go:26.74,27.18 1 0
github.com/aitrack/server/internal/service/encryptor.go:27.18,29.3 1 0
github.com/aitrack/server/internal/service/encryptor.go:30.2,31.16 2 0
github.com/aitrack/server/internal/service/encryptor.go:31.16,33.3 1 0
github.com/aitrack/server/internal/service/encryptor.go:34.2,34.20 1 0
github.com/aitrack/server/internal/service/encryptor.go:34.20,36.3 1 0
github.com/aitrack/server/internal/service/encryptor.go:37.2,37.50 1 0
github.com/aitrack/server/internal/service/encryptor.go:40.73,41.24 1 0
github.com/aitrack/server/internal/service/encryptor.go:41.24,43.3 1 0
github.com/aitrack/server/internal/service/encryptor.go:44.2,45.16 2 0
github.com/aitrack/server/internal/service/encryptor.go:45.16,47.3 1 0
github.com/aitrack/server/internal/service/encryptor.go:48.2,49.16 2 0
github.com/aitrack/server/internal/service/encryptor.go:49.16,51.3 1 0
github.com/aitrack/server/internal/service/encryptor.go:52.2,53.56 2 0
github.com/aitrack/server/internal/service/encryptor.go:53.56,55.3 1 0
github.com/aitrack/server/internal/service/encryptor.go:56.2,58.55 3 0
github.com/aitrack/server/internal/service/encryptor.go:61.70,62.81 1 0
github.com/aitrack/server/internal/service/encryptor.go:62.81,64.3 1 0
github.com/aitrack/server/internal/service/encryptor.go:65.2,65.24 1 0
github.com/aitrack/server/internal/service/encryptor.go:65.24,67.3 1 0
github.com/aitrack/server/internal/service/encryptor.go:68.2,69.16 2 0
github.com/aitrack/server/internal/service/encryptor.go:69.16,71.3 1 0
github.com/aitrack/server/internal/service/encryptor.go:72.2,72.24 1 0
github.com/aitrack/server/internal/service/encryptor.go:72.24,74.3 1 0
github.com/aitrack/server/internal/service/encryptor.go:75.2,79.16 4 0
github.com/aitrack/server/internal/service/encryptor.go:79.16,81.3 1 0
github.com/aitrack/server/internal/service/encryptor.go:82.2,83.16 2 0
github.com/aitrack/server/internal/service/encryptor.go:83.16,85.3 1 0
github.com/aitrack/server/internal/service/encryptor.go:86.2,87.16 2 0
github.com/aitrack/server/internal/service/encryptor.go:87.16,89.3 1 0
github.com/aitrack/server/internal/service/encryptor.go:90.2,90.31 1 0
github.com/aitrack/server/internal/service/ingest.go:17.107,19.2 1 0
github.com/aitrack/server/internal/service/ingest.go:21.106,27.33 2 0
github.com/aitrack/server/internal/service/ingest.go:27.33,31.62 2 0
github.com/aitrack/server/internal/service/ingest.go:31.62,33.12 2 0
github.com/aitrack/server/internal/service/ingest.go:36.3,37.25 2 0
github.com/aitrack/server/internal/service/ingest.go:38.24,42.6 1 0
github.com/aitrack/server/internal/service/ingest.go:43.23,48.59 2 0
github.com/aitrack/server/internal/service/ingest.go:49.24,51.49 2 0
github.com/aitrack/server/internal/service/ingest.go:55.2,55.13 1 0
github.com/aitrack/server/internal/service/ingest.go:58.106,77.23 2 0
github.com/aitrack/server/internal/service/ingest.go:77.23,79.3 1 0
github.com/aitrack/server/internal/service/ingest.go:80.2,80.26 1 0
github.com/aitrack/server/internal/service/ingest.go:80.26,82.3 1 0
github.com/aitrack/server/internal/service/ingest.go:83.2,83.26 1 0
github.com/aitrack/server/internal/service/ingest.go:83.26,85.3 1 0
github.com/aitrack/server/internal/service/ingest.go:86.2,86.20 1 0
github.com/aitrack/server/internal/service/ingest.go:86.20,88.3 1 0
github.com/aitrack/server/internal/service/ingest.go:89.2,89.22 1 0
github.com/aitrack/server/internal/service/ingest.go:92.110,94.16 2 0
github.com/aitrack/server/internal/service/ingest.go:94.16,96.3 1 0
github.com/aitrack/server/internal/service/ingest.go:97.2,97.20 1 0
github.com/aitrack/server/internal/service/ingest.go:97.20,99.3 1 0
github.com/aitrack/server/internal/service/ingest.go:100.2,105.8 1 0
github.com/aitrack/server/internal/service/signature.go:14.46,14.76 1 1
github.com/aitrack/server/internal/service/signature.go:16.58,19.2 2 0
github.com/aitrack/server/internal/service/signature.go:21.61,23.2 1 0
github.com/aitrack/server/internal/service/signature.go:25.73,29.2 3 0
github.com/aitrack/server/internal/service/signature.go:33.105,37.2 3 0
github.com/aitrack/server/internal/service/signature.go:45.10,47.21 2 0
github.com/aitrack/server/internal/service/signature.go:47.21,49.3 1 0
github.com/aitrack/server/internal/service/signature.go:50.2,63.47 3 0
github.com/aitrack/server/internal/service/signature.go:67.42,68.22 1 0
github.com/aitrack/server/internal/service/signature.go:68.22,70.3 1 0
github.com/aitrack/server/internal/service/signature.go:71.2,72.30 2 0
github.com/aitrack/server/internal/service/signature.go:72.30,74.3 1 0
github.com/aitrack/server/internal/service/signature.go:75.2,75.18 1 0
github.com/aitrack/server/internal/service/token.go:18.54,20.2 1 0
github.com/aitrack/server/internal/service/token.go:22.54,30.2 2 0
github.com/aitrack/server/internal/service/token.go:32.79,37.2 2 0
github.com/aitrack/server/internal/service/token.go:39.52,45.26 5 0
github.com/aitrack/server/internal/service/token.go:45.26,47.3 1 0
github.com/aitrack/server/internal/service/token.go:48.2,48.16 1 0
github.com/aitrack/server/internal/service/token.go:48.16,50.3 1 0
github.com/aitrack/server/internal/service/token.go:51.2,53.16 3 0
github.com/aitrack/server/internal/service/token.go:63.108,65.2 1 0
github.com/aitrack/server/internal/service/token.go:67.103,74.16 6 0
[...]
github.com/aitrack/server/internal/service/device.go:72.121,74.4 1 0
github.com/aitrack/server/internal/service/device.go:75.3,75.19 1 1
github.com/aitrack/server/internal/service/device.go:75.19,78.4 2 1
github.com/aitrack/server/internal/service/device.go:79.3,80.30 2 1
github.com/aitrack/server/internal/service/device.go:82.2,82.27 1 1
github.com/aitrack/server/internal/service/device.go:90.68,92.2 1 1
github.com/aitrack/server/internal/service/device.go:94.99,96.16 2 1
github.com/aitrack/server/internal/service/device.go:96.16,98.3 1 0
github.com/aitrack/server/internal/service/device.go:100.2,108.21 3 1
github.com/aitrack/server/internal/service/device.go:108.21,110.3 1 1
github.com/aitrack/server/internal/service/device.go:111.2,111.22 1 1
github.com/aitrack/server/internal/service/device.go:111.22,114.3 2 1
github.com/aitrack/server/internal/service/device.go:114.8,114.28 1 1
github.com/aitrack/server/internal/service/device.go:114.28,116.3 1 1
github.com/aitrack/server/internal/service/device.go:117.2,117.31 1 1
github.com/aitrack/server/internal/service/device.go:126.98,128.2 1 1
github.com/aitrack/server/internal/service/device.go:130.75,133.17 3 1
github.com/aitrack/server/internal/service/device.go:134.14,135.43 1 1
github.com/aitrack/server/internal/service/device.go:136.16,137.45 1 1
github.com/aitrack/server/internal/service/device.go:138.10,139.47 1 1
github.com/aitrack/server/internal/service/device.go:141.2,141.16 1 1
github.com/aitrack/server/internal/service/device.go:141.16,143.3 1 0
github.com/aitrack/server/internal/service/device.go:144.2,145.25 2 1
github.com/aitrack/server/internal/service/device.go:145.25,156.3 1 1
github.com/aitrack/server/internal/service/device.go:157.2,157.20 1 1
github.com/aitrack/server/internal/service/device.go:160.65,162.16 2 1
github.com/aitrack/server/internal/service/device.go:162.16,164.3 1 0
github.com/aitrack/server/internal/service/device.go:165.2,167.28 3 1
github.com/aitrack/server/internal/service/device.go:167.28,177.3 2 1
github.com/aitrack/server/internal/service/device.go:178.2,178.20 1 1
github.com/aitrack/server/internal/service/diff.go:10.58,10.94 1 1
github.com/aitrack/server/internal/service/diff.go:19.106,20.59 1 1
github.com/aitrack/server/internal/service/diff.go:20.59,22.3 1 0
github.com/aitrack/server/internal/service/diff.go:23.2,25.55 2 1
github.com/aitrack/server/internal/service/diff.go:29.76,31.53 2 1
github.com/aitrack/server/internal/service/diff.go:31.53,32.71 1 1
github.com/aitrack/server/internal/service/diff.go:32.71,33.12 1 0
github.com/aitrack/server/internal/service/diff.go:35.3,35.36 1 1
github.com/aitrack/server/internal/service/diff.go:35.36,36.12 1 1
github.com/aitrack/server/internal/service/diff.go:38.3,38.35 1 1
github.com/aitrack/server/internal/service/diff.go:38.35,40.4 1 1
github.com/aitrack/server/internal/service/diff.go:40.9,40.42 1 1
github.com/aitrack/server/internal/service/diff.go:40.42,42.4 1 1
github.com/aitrack/server/internal/service/diff.go:44.2,44.51 1 1
github.com/aitrack/server/internal/service/diff.go:47.27,48.11 1 1
github.com/aitrack/server/internal/service/diff.go:48.11,50.3 1 0
github.com/aitrack/server/internal/service/diff.go:51.2,51.10 1 1
github.com/aitrack/server/internal/service/edit_record.go:16.64,18.2 1 1
github.com/aitrack/server/internal/service/edit_record.go:20.66,34.2 2 1
github.com/aitrack/server/internal/service/edit_record.go:36.123,44.2 3 1
github.com/aitrack/server/internal/service/edit_record.go:46.115,50.20 3 1
github.com/aitrack/server/internal/service/edit_record.go:50.20,53.3 2 1
github.com/aitrack/server/internal/service/edit_record.go:54.2,54.19 1 1
github.com/aitrack/server/internal/service/edit_record.go:54.19,57.3 2 1
github.com/aitrack/server/internal/service/edit_record.go:59.2,60.25 2 1
github.com/aitrack/server/internal/service/edit_record.go:60.25,62.3 1 1
github.com/aitrack/server/internal/service/edit_record.go:64.2,65.104 2 1
github.com/aitrack/server/internal/service/edit_record.go:65.104,67.3 1 0
github.com/aitrack/server/internal/service/edit_record.go:69.2,78.16 4 1
github.com/aitrack/server/internal/service/edit_record.go:78.16,80.3 1 0
github.com/aitrack/server/internal/service/edit_record.go:81.2,84.18 3 1
github.com/aitrack/server/internal/service/edit_record.go:84.18,93.17 3 1
github.com/aitrack/server/internal/service/edit_record.go:93.17,95.4 1 0
github.com/aitrack/server/internal/service/edit_record.go:96.3,97.33 2 1
github.com/aitrack/server/internal/service/edit_record.go:99.2,99.35 1 1
github.com/aitrack/server/internal/service/edit_record.go:113.74,115.2 1 1
github.com/aitrack/server/internal/service/edit_record.go:117.70,119.2 1 1
github.com/aitrack/server/internal/service/edit_record.go:121.72,123.2 1 1
github.com/aitrack/server/internal/service/edit_record.go:125.79,137.16 2 1
github.com/aitrack/server/internal/service/edit_record.go:137.16,139.3 1 0
github.com/aitrack/server/internal/service/edit_record.go:140.2,142.18 3 1
github.com/aitrack/server/internal/service/edit_record.go:142.18,146.70 3 1
github.com/aitrack/server/internal/service/edit_record.go:146.70,148.4 1 0
github.com/aitrack/server/internal/service/edit_record.go:149.3,149.23 1 1
github.com/aitrack/server/internal/service/edit_record.go:149.23,152.4 2 1
github.com/aitrack/server/internal/service/edit_record.go:153.3,153.30 1 1
github.com/aitrack/server/internal/service/edit_record.go:155.2,155.27 1 1
github.com/aitrack/server/internal/service/encryptor.go:26.74,27.18 1 1
github.com/aitrack/server/internal/service/encryptor.go:27.18,29.3 1 1
github.com/aitrack/server/internal/service/encryptor.go:30.2,31.16 2 0
github.com/aitrack/server/internal/service/encryptor.go:31.16,33.3 1 0
github.com/aitrack/server/internal/service/encryptor.go:34.2,34.20 1 0
github.com/aitrack/server/internal/service/encryptor.go:34.20,36.3 1 0
github.com/aitrack/server/internal/service/encryptor.go:37.2,37.50 1 0
github.com/aitrack/server/internal/service/encryptor.go:40.73,41.24 1 1
github.com/aitrack/server/internal/service/encryptor.go:41.24,43.3 1 1
github.com/aitrack/server/internal/service/encryptor.go:44.2,45.16 2 0
github.com/aitrack/server/internal/service/encryptor.go:45.16,47.3 1 0
github.com/aitrack/server/internal/service/encryptor.go:48.2,49.16 2 0
github.com/aitrack/server/internal/service/encryptor.go:49.16,51.3 1 0
github.com/aitrack/server/internal/service/encryptor.go:52.2,53.56 2 0
github.com/aitrack/server/internal/service/encryptor.go:53.56,55.3 1 0
github.com/aitrack/server/internal/service/encryptor.go:56.2,58.55 3 0
github.com/aitrack/server/internal/service/encryptor.go:61.70,62.81 1 1
github.com/aitrack/server/internal/service/encryptor.go:62.81,64.3 1 1
github.com/aitrack/server/internal/service/encryptor.go:65.2,65.24 1 0
github.com/aitrack/server/internal/service/encryptor.go:65.24,67.3 1 0
github.com/aitrack/server/internal/service/encryptor.go:68.2,69.16 2 0
github.com/aitrack/server/internal/service/encryptor.go:69.16,71.3 1 0
github.com/aitrack/server/internal/service/encryptor.go:72.2,72.24 1 0
github.com/aitrack/server/internal/service/encryptor.go:72.24,74.3 1 0
github.com/aitrack/server/internal/service/encryptor.go:75.2,79.16 4 0
github.com/aitrack/server/internal/service/encryptor.go:79.16,81.3 1 0
github.com/aitrack/server/internal/service/encryptor.go:82.2,83.16 2 0
github.com/aitrack/server/internal/service/encryptor.go:83.16,85.3 1 0
github.com/aitrack/server/internal/service/encryptor.go:86.2,87.16 2 0
github.com/aitrack/server/internal/service/encryptor.go:87.16,89.3 1 0
github.com/aitrack/server/internal/service/encryptor.go:90.2,90.31 1 0
github.com/aitrack/server/internal/service/ingest.go:17.107,19.2 1 1
github.com/aitrack/server/internal/service/ingest.go:21.106,27.33 2 1
github.com/aitrack/server/internal/service/ingest.go:27.33,31.62 2 1
github.com/aitrack/server/internal/service/ingest.go:31.62,33.12 2 1
github.com/aitrack/server/internal/service/ingest.go:36.3,37.25 2 1
github.com/aitrack/server/internal/service/ingest.go:38.24,42.6 1 1
github.com/aitrack/server/internal/service/ingest.go:43.23,48.59 2 0
github.com/aitrack/server/internal/service/ingest.go:49.24,51.49 2 1
github.com/aitrack/server/internal/service/ingest.go:55.2,55.13 1 1
github.com/aitrack/server/internal/service/ingest.go:58.106,77.23 2 1
github.com/aitrack/server/internal/service/ingest.go:77.23,79.3 1 0
github.com/aitrack/server/internal/service/ingest.go:80.2,80.26 1 1
github.com/aitrack/server/internal/service/ingest.go:80.26,82.3 1 1
github.com/aitrack/server/internal/service/ingest.go:83.2,83.26 1 1
github.com/aitrack/server/internal/service/ingest.go:83.26,85.3 1 0
github.com/aitrack/server/internal/service/ingest.go:86.2,86.20 1 1
github.com/aitrack/server/internal/service/ingest.go:86.20,88.3 1 0
github.com/aitrack/server/internal/service/ingest.go:89.2,89.22 1 1
github.com/aitrack/server/internal/service/ingest.go:92.110,94.16 2 1
github.com/aitrack/server/internal/service/ingest.go:94.16,96.3 1 0
github.com/aitrack/server/internal/service/ingest.go:97.2,97.20 1 1
github.com/aitrack/server/internal/service/ingest.go:97.20,99.3 1 1
github.com/aitrack/server/internal/service/ingest.go:100.2,105.8 1 1
github.com/aitrack/server/internal/service/signature.go:14.46,14.76 1 1
github.com/aitrack/server/internal/service/signature.go:16.58,19.2 2 1
github.com/aitrack/server/internal/service/signature.go:21.61,23.2 1 1
github.com/aitrack/server/internal/service/signature.go:25.73,29.2 3 1
github.com/aitrack/server/internal/service/signature.go:33.105,37.2 3 1
github.com/aitrack/server/internal/service/signature.go:45.10,47.21 2 1
github.com/aitrack/server/internal/service/signature.go:47.21,49.3 1 1
github.com/aitrack/server/internal/service/signature.go:50.2,63.47 3 1
github.com/aitrack/server/internal/service/signature.go:67.42,68.22 1 1
github.com/aitrack/server/internal/service/signature.go:68.22,70.3 1 1
github.com/aitrack/server/internal/service/signature.go:71.2,72.30 2 1
github.com/aitrack/server/internal/service/signature.go:72.30,74.3 1 1
github.com/aitrack/server/internal/service/signature.go:75.2,75.18 1 1
github.com/aitrack/server/internal/service/token.go:18.54,20.2 1 1
github.com/aitrack/server/internal/service/token.go:22.54,30.2 2 1
github.com/aitrack/server/internal/service/token.go:32.79,37.2 2 1
github.com/aitrack/server/internal/service/token.go:39.52,45.26 5 1
github.com/aitrack/server/internal/service/token.go:45.26,47.3 1 1
github.com/aitrack/server/internal/service/token.go:48.2,48.16 1 1
github.com/aitrack/server/internal/service/token.go:48.16,50.3 1 0
github.com/aitrack/server/internal/service/token.go:51.2,53.16 3 1
github.com/aitrack/server/internal/service/token.go:63.108,65.2 1 1
github.com/aitrack/server/internal/service/token.go:67.103,74.16 6 1
github.com/aitrack/server/internal/service/token.go:74.16,76.3 1 0
github.com/aitrack/server/internal/service/token.go:78.2,87.39 2 1
github.com/aitrack/server/internal/service/token.go:87.39,89.3 1 0
github.com/aitrack/server/internal/service/token.go:90.2,94.8 1 1
github.com/aitrack/server/internal/service/token.go:98.79,101.16 3 1
github.com/aitrack/server/internal/service/token.go:101.16,103.3 1 0
github.com/aitrack/server/internal/service/token.go:104.2,104.14 1 1
github.com/aitrack/server/internal/service/token.go:104.14,106.3 1 1
github.com/aitrack/server/internal/service/token.go:107.2,108.16 2 1
github.com/aitrack/server/internal/service/token.go:108.16,110.3 1 0
github.com/aitrack/server/internal/service/token.go:111.2,112.15 2 1
github.com/aitrack/server/internal/service/token.go:116.46,118.45 2 1
github.com/aitrack/server/internal/service/token.go:118.45,120.3 1 1
github.com/aitrack/server/internal/service/token.go:121.2,121.25 1 1
github.com/aitrack/server/internal/service/token.go:121.25,123.3 1 0
github.com/aitrack/server/internal/service/token.go:124.2,124.58 1 1
github.com/aitrack/server/internal/service/token.go:127.30,131.2 3 1
github.com/aitrack/server/internal/service/token.go:133.28,134.7 1 1
github.com/aitrack/server/internal/service/token.go:134.7,136.3 1 1
github.com/aitrack/server/internal/service/token.go:137.2,137.10 1 0
github.com/aitrack/server/internal/service/validation.go:27.40,27.67 1 1
github.com/aitrack/server/internal/service/validation.go:30.62,31.17 1 1
github.com/aitrack/server/internal/service/validation.go:31.17,33.3 1 0
github.com/aitrack/server/internal/service/validation.go:34.2,34.40 1 1
github.com/aitrack/server/internal/service/validation.go:34.40,36.3 1 1
github.com/aitrack/server/internal/service/validation.go:37.2,37.44 1 1
github.com/aitrack/server/internal/service/validation.go:37.44,39.3 1 0
github.com/aitrack/server/internal/service/validation.go:40.2,40.45 1 1
github.com/aitrack/server/internal/service/validation.go:40.45,42.3 1 0
github.com/aitrack/server/internal/service/validation.go:43.2,43.44 1 1
github.com/aitrack/server/internal/service/validation.go:43.44,45.3 1 0
github.com/aitrack/server/internal/service/validation.go:46.2,46.45 1 1
github.com/aitrack/server/internal/service/validation.go:46.45,48.3 1 0
github.com/aitrack/server/internal/service/validation.go:49.2,49.44 1 1
github.com/aitrack/server/internal/service/validation.go:49.44,51.3 1 0
github.com/aitrack/server/internal/service/validation.go:52.2,52.43 1 1
github.com/aitrack/server/internal/service/validation.go:52.43,54.3 1 0
github.com/aitrack/server/internal/service/validation.go:55.2,55.42 1 1
github.com/aitrack/server/internal/service/validation.go:55.42,57.3 1 0
github.com/aitrack/server/internal/service/validation.go:58.2,58.46 1 1
github.com/aitrack/server/internal/service/validation.go:58.46,60.3 1 0
github.com/aitrack/server/internal/service/validation.go:61.2,61.45 1 1
github.com/aitrack/server/internal/service/validation.go:61.45,63.3 1 0
github.com/aitrack/server/internal/service/validation.go:64.2,64.28 1 1
github.com/aitrack/server/internal/service/validation.go:64.28,66.3 1 0
github.com/aitrack/server/internal/service/validation.go:67.2,67.30 1 1
github.com/aitrack/server/internal/service/validation.go:67.30,69.3 1 0
github.com/aitrack/server/internal/service/validation.go:70.2,70.11 1 1
github.com/aitrack/server/internal/service/validation.go:86.146,88.2 1 1
github.com/aitrack/server/internal/service/validation.go:91.96,108.53 3 1
github.com/aitrack/server/internal/service/validation.go:108.53,110.3 1 1
github.com/aitrack/server/internal/service/validation.go:113.2,113.79 1 1
github.com/aitrack/server/internal/service/validation.go:113.79,115.3 1 0
github.com/aitrack/server/internal/service/validation.go:118.2,119.24 2 1
github.com/aitrack/server/internal/service/validation.go:119.24,120.44 1 0
github.com/aitrack/server/internal/service/validation.go:120.44,121.35 1 0
github.com/aitrack/server/internal/service/validation.go:121.35,123.5 1 0
github.com/aitrack/server/internal/service/validation.go:124.4,124.41 1 0
github.com/aitrack/server/internal/service/validation.go:129.2,129.49 1 1
github.com/aitrack/server/internal/service/validation.go:129.49,131.3 1 0
github.com/aitrack/server/internal/service/validation.go:134.2,134.44 1 1
github.com/aitrack/server/internal/service/validation.go:134.44,136.3 1 0
github.com/aitrack/server/internal/service/validation.go:139.2,141.37 3 1
github.com/aitrack/server/internal/service/validation.go:141.37,143.3 1 0
github.com/aitrack/server/internal/service/validation.go:145.2,145.20 1 1
github.com/aitrack/server/internal/service/validation.go:145.20,147.3 1 0
github.com/aitrack/server/internal/service/validation.go:148.2,148.65 1 1
github.com/aitrack/server/internal/service/validation.go:151.52,152.37 1 1
github.com/aitrack/server/internal/service/validation.go:152.37,154.3 1 0
github.com/aitrack/server/internal/service/validation.go:155.2,155.38 1 1
github.com/aitrack/server/internal/service/validation.go:155.38,156.81 1 0
github.com/aitrack/server/internal/service/validation.go:156.81,158.4 1 0
github.com/aitrack/server/internal/service/validation.go:160.2,160.14 1 1
github.com/aitrack/server/internal/service/validation.go:163.49,164.26 1 0
github.com/aitrack/server/internal/service/validation.go:164.26,165.13 1 0
github.com/aitrack/server/internal/service/validation.go:165.13,167.4 1 0
github.com/aitrack/server/internal/service/validation.go:169.2,169.14 1 0
github.com/aitrack/server/internal/testkit/factory.go:22.26,22.66 1 0
github.com/aitrack/server/internal/testkit/factory.go:24.28,28.2 3 1
github.com/aitrack/server/internal/testkit/factory.go:38.43,44.2 1 0
github.com/aitrack/server/internal/testkit/factory.go:46.58,58.25 3 0
github.com/aitrack/server/internal/testkit/factory.go:58.25,60.3 1 0
github.com/aitrack/server/internal/testkit/factory.go:61.2,61.10 1 0
github.com/aitrack/server/internal/testkit/factory.go:80.37,94.2 1 1
github.com/aitrack/server/internal/testkit/factory.go:96.61,98.25 2 1
github.com/aitrack/server/internal/testkit/factory.go:98.25,100.3 1 1
github.com/aitrack/server/internal/testkit/factory.go:101.2,122.3 5 1
github.com/aitrack/server/internal/testkit/factory.go:126.73,150.25 2 0
github.com/aitrack/server/internal/testkit/factory.go:150.25,152.3 1 0
github.com/aitrack/server/internal/testkit/factory.go:153.2,153.12 1 0
github.com/aitrack/server/internal/testkit/factory.go:158.91,168.25 3 0
github.com/aitrack/server/internal/testkit/factory.go:168.25,170.3 1 0
github.com/aitrack/server/internal/testkit/factory.go:171.2,171.12 1 0
github.com/aitrack/server/internal/testkit/factory.go:181.70,193.25 2 0
github.com/aitrack/server/internal/testkit/factory.go:193.25,195.3 1 0
github.com/aitrack/server/internal/testkit/factory.go:196.2,196.10 1 0
github.com/aitrack/server/internal/testkit/factory.go:199.69,207.25 2 0
github.com/aitrack/server/internal/testkit/factory.go:207.25,209.3 1 0
github.com/aitrack/server/internal/testkit/factory.go:210.2,210.10 1 0
github.com/aitrack/server/internal/testkit/factory.go:213.70,221.25 2 0
github.com/aitrack/server/internal/testkit/factory.go:221.25,223.3 1 0
github.com/aitrack/server/internal/testkit/factory.go:224.2,224.10 1 0
github.com/aitrack/server/internal/testkit/factory.go:229.94,231.26 2 0
github.com/aitrack/server/internal/testkit/factory.go:231.26,233.3 1 0
github.com/aitrack/server/internal/testkit/factory.go:234.2,234.23 1 0
github.com/aitrack/server/internal/testkit/factory.go:234.23,236.3 1 0
github.com/aitrack/server/internal/testkit/factory.go:237.2,241.3 1 0
github.com/aitrack/server/internal/testkit/factory.go:244.106,245.21 1 0
github.com/aitrack/server/internal/testkit/factory.go:245.21,247.3 1 0
github.com/aitrack/server/internal/testkit/factory.go:248.2,248.20 1 0
github.com/aitrack/server/internal/testkit/factory.go:248.20,250.3 1 0
github.com/aitrack/server/internal/testkit/factory.go:251.2,255.3 1 0
github.com/aitrack/server/internal/testkit/factory.go:261.64,265.2 3 0
github.com/aitrack/server/internal/testkit/factory.go:268.72,270.55 2 0
github.com/aitrack/server/internal/testkit/factory.go:270.55,272.3 1 0
github.com/aitrack/server/internal/testkit/factory.go:276.65,277.55 1 0
github.com/aitrack/server/internal/testkit/factory.go:277.55,280.3 2 0
github.com/aitrack/server/internal/testkit/factory.go:284.40,288.2 3 0
github.com/aitrack/server/internal/testkit/factory.go:292.44,294.23 2 1
github.com/aitrack/server/internal/testkit/factory.go:294.23,296.3 1 1
github.com/aitrack/server/internal/testkit/factory.go:297.2,308.47 3 1
github.com/aitrack/server/internal/testkit/factory.go:311.47,315.2 3 1
github.com/aitrack/server/internal/testkit/factory.go:317.36,320.2 2 1
github.com/aitrack/server/internal/testkit/factory.go:322.36,322.49 1 1
github.com/aitrack/server/internal/testkit/factory.go:325.39,326.41 1 0
github.com/aitrack/server/internal/testkit/factory.go:326.41,329.3 2 0
github.com/aitrack/server/internal/testkit/factory.go:333.45,333.85 1 0
github.com/aitrack/server/internal/testkit/factory.go:343.65,349.2 1 0
