mode: set
github.com/aitrack/server/internal/db/db.go:14.76,15.62 1 1
github.com/aitrack/server/internal/db/db.go:15.62,17.3 1 1
github.com/aitrack/server/internal/db/db.go:18.2,19.16 2 1
github.com/aitrack/server/internal/db/db.go:19.16,21.3 1 0
github.com/aitrack/server/internal/db/db.go:22.2,25.25 3 1
github.com/aitrack/server/internal/db/db.go:25.25,27.3 1 1
github.com/aitrack/server/internal/db/db.go:28.2,28.31 1 1
github.com/aitrack/server/internal/db/db.go:28.31,31.3 2 1
github.com/aitrack/server/internal/db/db.go:32.2,32.16 1 1
github.com/aitrack/server/internal/db/db.go:35.32,89.2 2 1
